SF:/Users/chaiwatmat/projects/github/ThaiStringTokenizer/ThaiStringTokenizer/ConsonantCharacter.cs
FN:8,System.String ThaiStringTokenizer.ConsonantCharacter::get_Word()
FNDA:107,System.String ThaiStringTokenizer.ConsonantCharacter::get_Word()
DA:9,107
FN:9,System.Int32 ThaiStringTokenizer.ConsonantCharacter::get_ConsonantCount()
FNDA:289,System.Int32 ThaiStringTokenizer.ConsonantCharacter::get_ConsonantCount()
DA:10,289
BRDA:10,22,0,1
BRDA:10,22,1,55
FN:7,System.Void ThaiStringTokenizer.ConsonantCharacter::.ctor(System.String)
FNDA:104,System.Void ThaiStringTokenizer.ConsonantCharacter::.ctor(System.String)
DA:8,104
LF:3
LH:3
BRF:2
BRH:2
FNF:3
FNH:3
end_of_record
SF:/Users/chaiwatmat/projects/github/ThaiStringTokenizer/ThaiStringTokenizer/ThaiTokenizer.cs
FN:39,System.String[] ThaiStringTokenizer.ThaiTokenizer::get_Words()
FNDA:28,System.String[] ThaiStringTokenizer.ThaiTokenizer::get_Words()
DA:40,28
FN:41,System.Collections.Generic.List`1<System.String> ThaiStringTokenizer.ThaiTokenizer::Split(System.String)
FNDA:14,System.Collections.Generic.List`1<System.String> ThaiStringTokenizer.ThaiTokenizer::Split(System.String)
DA:42,14
DA:43,14
DA:44,14
DA:46,98
DA:47,28
DA:48,28
DA:49,28
DA:51,348
DA:52,146
DA:53,146
DA:55,146
DA:56,15
DA:57,15
DA:58,15
DA:59,131
DA:60,117
DA:61,117
DA:62,117
DA:64,14
DA:65,14
DA:66,14
DA:67,146
DA:68,28
DA:70,14
DA:71,14
BRDA:44,13,0,3
BRDA:44,13,1,11
BRDA:46,213,1,28
BRDA:51,202,1,146
BRDA:55,102,0,15
BRDA:55,102,1,131
BRDA:59,130,0,46
BRDA:59,130,1,85
BRDA:59,147,0,117
BRDA:59,147,1,14
BRDA:51,202,0,28
BRDA:46,213,0,14
FN:73,System.Void ThaiStringTokenizer.ThaiTokenizer::HandleEnglishCharacter(System.Collections.Generic.List`1<System.String>,System.Char[],System.String&,System.Int32&)
FNDA:15,System.Void ThaiStringTokenizer.ThaiTokenizer::HandleEnglishCharacter(System.Collections.Generic.List`1<System.String>,System.Char[],System.String&,System.Int32&)
DA:74,15
DA:75,15
DA:76,162
DA:77,74
DA:78,74
DA:79,66
DA:80,66
DA:81,66
DA:82,66
DA:84,8
DA:85,8
DA:87,66
DA:88,15
DA:89,15
DA:90,15
BRDA:76,91,1,74
BRDA:78,44,0,66
BRDA:78,44,1,8
BRDA:76,91,0,15
FN:92,System.Void ThaiStringTokenizer.ThaiTokenizer::HandleConsonantOrVowel(System.Collections.Generic.List`1<System.String>,System.Char[],System.String&,System.Int32&)
FNDA:117,System.Void ThaiStringTokenizer.ThaiTokenizer::HandleConsonantOrVowel(System.Collections.Generic.List`1<System.String>,System.Char[],System.String&,System.Int32&)
DA:93,117
DA:94,117
DA:95,117
DA:96,117
DA:97,4880
DA:98,2323
DA:99,2323
DA:100,2323
DA:101,2323
DA:102,12735409
DA:103,6364336
DA:104,6364336
DA:105,232
DA:106,232
DA:107,232
DA:108,232
DA:109,232
DA:111,6364104
DA:112,2323
DA:113,2323
DA:114,117
DA:115,117
DA:116,117
DA:117,117
DA:118,117
DA:119,117
BRDA:97,190,1,2323
BRDA:100,80,0,2323
BRDA:102,155,1,6364336
BRDA:104,133,0,232
BRDA:104,133,1,6364104
BRDA:102,155,0,2323
BRDA:100,80,1,2323
BRDA:97,190,0,117
BRDA:114,200,0,117
BRDA:114,200,1,117
FN:121,System.Collections.Generic.List`1<System.String> ThaiStringTokenizer.ThaiTokenizer::SubThaiString(System.String,System.Int32)
FNDA:5,System.Collections.Generic.List`1<System.String> ThaiStringTokenizer.ThaiTokenizer::SubThaiString(System.String,System.Int32)
DA:122,5
DA:123,5
DA:124,5
DA:125,5
DA:126,5
DA:127,5
DA:128,5
DA:130,114
DA:131,52
DA:132,52
DA:134,52
DA:135,52
DA:137,52
DA:138,47
DA:139,47
DA:141,47
DA:142,3
DA:143,3
DA:144,3
DA:145,47
DA:146,5
DA:147,2
DA:148,2
DA:149,2
DA:150,2
DA:151,2
DA:152,2
DA:154,3
DA:155,3
DA:156,3
DA:157,3
DA:159,3
DA:160,1
DA:161,1
DA:162,1
DA:163,3
DA:164,52
DA:166,5
DA:167,5
BRDA:130,227,1,52
BRDA:137,88,0,47
BRDA:141,110,0,3
BRDA:141,110,1,47
BRDA:137,88,1,5
BRDA:146,133,0,2
BRDA:146,133,1,3
BRDA:159,194,0,1
BRDA:159,194,1,3
BRDA:130,227,0,5
FN:168,System.Boolean ThaiStringTokenizer.ThaiTokenizer::IsThaiConsonant(System.Char)
FNDA:131,System.Boolean ThaiStringTokenizer.ThaiTokenizer::IsThaiConsonant(System.Char)
DA:169,131
FN:169,System.Boolean ThaiStringTokenizer.ThaiTokenizer::isVowel(System.Char)
FNDA:46,System.Boolean ThaiStringTokenizer.ThaiTokenizer::isVowel(System.Char)
DA:170,46
FN:170,System.Boolean ThaiStringTokenizer.ThaiTokenizer::IsEnglishCharacter(System.Char)
FNDA:220,System.Boolean ThaiStringTokenizer.ThaiTokenizer::IsEnglishCharacter(System.Char)
DA:171,220
BRDA:171,3,0,198
BRDA:171,3,1,211
BRDA:171,8,0,211
BRDA:171,13,0,189
BRDA:171,13,1,22
BRDA:171,8,1,9
FN:10,System.Void ThaiStringTokenizer.ThaiTokenizer::.ctor(System.Collections.Generic.List`1<System.String>,System.Boolean)
FNDA:14,System.Void ThaiStringTokenizer.ThaiTokenizer::.ctor(System.Collections.Generic.List`1<System.String>,System.Boolean)
DA:11,14
DA:14,14
DA:15,14
DA:16,14
DA:18,14
DA:19,14
DA:21,14
DA:23,14
DA:24,4
DA:25,4
DA:26,4
DA:28,14
DA:30,2136862
DA:31,1068410
DA:32,1068410
DA:33,728
DA:34,728
DA:35,728
DA:36,1068410
DA:37,1068410
DA:38,14
BRDA:23,80,0,4
BRDA:23,80,1,14
BRDA:30,219,1,1068410
BRDA:32,151,0,728
BRDA:32,151,1,1068410
BRDA:30,219,0,14
LF:130
LH:130
BRF:48
BRH:48
FNF:9
FNH:9
end_of_record
SF:/Users/chaiwatmat/projects/github/ThaiStringTokenizer/ThaiStringTokenizer/ThaiUnicodeCharacter.cs
FN:9,System.Collections.Generic.List`1<System.Int32> ThaiStringTokenizer.ThaiUnicodeCharacter::get_Characters()
FNDA:1,System.Collections.Generic.List`1<System.Int32> ThaiStringTokenizer.ThaiUnicodeCharacter::get_Characters()
DA:10,1
DA:11,1
DA:12,1
DA:13,1
DA:14,1
DA:15,1
DA:16,1
DA:17,1
DA:18,1
DA:19,1
DA:21,1
DA:22,1
FN:27,System.Collections.Generic.List`1<System.Int32> ThaiStringTokenizer.ThaiUnicodeCharacter::get_UncountForPrint()
FNDA:234,System.Collections.Generic.List`1<System.Int32> ThaiStringTokenizer.ThaiUnicodeCharacter::get_UncountForPrint()
DA:28,234
DA:29,234
DA:30,234
DA:31,234
DA:32,234
DA:33,234
DA:34,234
DA:35,234
DA:36,234
DA:37,234
DA:38,234
DA:39,234
DA:40,234
DA:41,234
DA:42,234
DA:43,234
DA:45,234
DA:47,234
DA:48,234
FN:51,System.Collections.Generic.List`1<System.Int32> ThaiStringTokenizer.ThaiUnicodeCharacter::get_Consonants()
FNDA:132,System.Collections.Generic.List`1<System.Int32> ThaiStringTokenizer.ThaiUnicodeCharacter::get_Consonants()
DA:52,132
DA:53,132
DA:54,132
DA:55,132
DA:56,132
DA:57,132
DA:58,132
DA:59,132
DA:60,132
DA:61,132
DA:62,132
DA:63,132
DA:64,132
DA:65,132
DA:66,132
DA:67,132
DA:68,132
DA:69,132
DA:70,132
DA:71,132
DA:72,132
DA:73,132
DA:74,132
DA:75,132
DA:76,132
DA:77,132
DA:78,132
DA:79,132
DA:80,132
DA:81,132
DA:82,132
DA:83,132
DA:84,132
DA:85,132
DA:86,132
DA:87,132
DA:88,132
DA:89,132
DA:90,132
DA:91,132
DA:92,132
DA:93,132
DA:94,132
DA:95,132
DA:96,132
DA:97,132
DA:98,132
DA:99,132
DA:100,132
FN:101,System.Collections.Generic.List`1<System.Int32> ThaiStringTokenizer.ThaiUnicodeCharacter::get_Vowels()
FNDA:47,System.Collections.Generic.List`1<System.Int32> ThaiStringTokenizer.ThaiUnicodeCharacter::get_Vowels()
DA:102,47
DA:103,47
DA:104,47
DA:105,47
DA:106,47
DA:107,47
DA:108,47
DA:109,47
DA:110,47
DA:111,47
DA:112,47
DA:113,47
DA:114,47
DA:115,47
DA:116,47
DA:117,47
DA:118,47
DA:119,47
DA:120,47
DA:121,47
DA:122,47
DA:123,47
FN:123,System.Collections.Generic.List`1<System.Int32> ThaiStringTokenizer.ThaiUnicodeCharacter::get_Sign()
FNDA:1,System.Collections.Generic.List`1<System.Int32> ThaiStringTokenizer.ThaiUnicodeCharacter::get_Sign()
DA:124,1
FN:124,System.Collections.Generic.List`1<System.Int32> ThaiStringTokenizer.ThaiUnicodeCharacter::get_CurrencySymbol()
FNDA:1,System.Collections.Generic.List`1<System.Int32> ThaiStringTokenizer.ThaiUnicodeCharacter::get_CurrencySymbol()
DA:125,1
FN:125,System.Collections.Generic.List`1<System.Int32> ThaiStringTokenizer.ThaiUnicodeCharacter::get_VowelLengthSign()
FNDA:1,System.Collections.Generic.List`1<System.Int32> ThaiStringTokenizer.ThaiUnicodeCharacter::get_VowelLengthSign()
DA:126,1
FN:126,System.Collections.Generic.List`1<System.Int32> ThaiStringTokenizer.ThaiUnicodeCharacter::get_RepetitionMark()
FNDA:1,System.Collections.Generic.List`1<System.Int32> ThaiStringTokenizer.ThaiUnicodeCharacter::get_RepetitionMark()
DA:127,1
FN:128,System.Collections.Generic.List`1<System.Int32> ThaiStringTokenizer.ThaiUnicodeCharacter::get_ToneMarks()
FNDA:235,System.Collections.Generic.List`1<System.Int32> ThaiStringTokenizer.ThaiUnicodeCharacter::get_ToneMarks()
DA:129,235
DA:130,235
DA:131,235
DA:132,235
DA:133,235
DA:134,235
DA:135,235
FN:136,System.Collections.Generic.List`1<System.Int32> ThaiStringTokenizer.ThaiUnicodeCharacter::get_Signs()
FNDA:1,System.Collections.Generic.List`1<System.Int32> ThaiStringTokenizer.ThaiUnicodeCharacter::get_Signs()
DA:137,1
DA:138,1
DA:139,1
DA:140,1
DA:141,1
DA:142,1
DA:143,1
DA:144,1
DA:145,1
FN:146,System.Collections.Generic.List`1<System.Int32> ThaiStringTokenizer.ThaiUnicodeCharacter::get_Digits()
FNDA:1,System.Collections.Generic.List`1<System.Int32> ThaiStringTokenizer.ThaiUnicodeCharacter::get_Digits()
DA:147,1
DA:148,1
DA:149,1
DA:150,1
DA:151,1
DA:152,1
DA:153,1
DA:154,1
DA:155,1
DA:156,1
DA:157,1
DA:158,1
DA:159,1
LF:135
LH:135
BRF:0
BRH:0
FNF:11
FNH:11
end_of_record
SF:/Users/chaiwatmat/projects/github/ThaiStringTokenizer/ThaiStringTokenizer/ThaiWord.cs
FN:6,System.String ThaiStringTokenizer.ThaiWord::get_Words()
FNDA:14,System.String ThaiStringTokenizer.ThaiWord::get_Words()
DA:7,14
DA:8,14
DA:9,14
DA:10,14
DA:11,14
DA:12,14
DA:13,14
DA:14,14
DA:15,14
DA:16,14
DA:17,14
DA:18,14
DA:19,14
DA:20,14
DA:21,14
DA:22,14
DA:23,14
DA:24,14
DA:25,14
DA:26,14
DA:27,14
DA:28,14
DA:29,14
DA:30,14
DA:31,14
DA:32,14
DA:33,14
DA:34,14
DA:35,14
DA:36,14
DA:37,14
DA:38,14
DA:39,14
DA:40,14
DA:41,14
DA:42,14
DA:43,14
DA:44,14
DA:45,14
DA:46,14
DA:47,14
DA:48,14
DA:49,14
DA:50,14
DA:51,14
DA:52,14
DA:53,14
DA:54,14
DA:55,14
DA:56,14
DA:57,14
DA:58,14
DA:59,14
DA:60,14
DA:61,14
DA:62,14
DA:63,14
DA:64,14
DA:65,14
DA:66,14
DA:67,14
DA:68,14
DA:69,14
DA:70,14
DA:71,14
DA:72,14
DA:73,14
DA:74,14
DA:75,14
DA:76,14
DA:77,14
DA:78,14
DA:79,14
DA:80,14
DA:81,14
DA:82,14
DA:83,14
DA:84,14
DA:85,14
DA:86,14
DA:87,14
DA:88,14
DA:89,14
DA:90,14
DA:91,14
DA:92,14
DA:93,14
DA:94,14
DA:95,14
DA:96,14
DA:97,14
DA:98,14
DA:99,14
DA:100,14
DA:101,14
DA:102,14
DA:103,14
DA:104,14
DA:105,14
DA:106,14
DA:107,14
DA:108,14
DA:109,14
DA:110,14
DA:111,14
DA:112,14
DA:113,14
DA:114,14
DA:115,14
DA:116,14
DA:117,14
DA:118,14
DA:119,14
DA:120,14
DA:121,14
DA:122,14
DA:123,14
DA:124,14
DA:125,14
DA:126,14
DA:127,14
DA:128,14
DA:129,14
DA:130,14
DA:131,14
DA:132,14
DA:133,14
DA:134,14
DA:135,14
DA:136,14
DA:137,14
DA:138,14
DA:139,14
DA:140,14
DA:141,14
DA:142,14
DA:143,14
DA:144,14
DA:145,14
DA:146,14
DA:147,14
DA:148,14
DA:149,14
DA:150,14
DA:151,14
DA:152,14
DA:153,14
DA:154,14
DA:155,14
DA:156,14
DA:157,14
DA:158,14
DA:159,14
DA:160,14
DA:161,14
DA:162,14
DA:163,14
DA:164,14
DA:165,14
DA:166,14
DA:167,14
DA:168,14
DA:169,14
DA:170,14
DA:171,14
DA:172,14
DA:173,14
DA:174,14
DA:175,14
DA:176,14
DA:177,14
DA:178,14
DA:179,14
DA:180,14
DA:181,14
DA:182,14
DA:183,14
DA:184,14
DA:185,14
DA:186,14
DA:187,14
DA:188,14
DA:189,14
DA:190,14
DA:191,14
DA:192,14
DA:193,14
DA:194,14
DA:195,14
DA:196,14
DA:197,14
DA:198,14
DA:199,14
DA:200,14
DA:201,14
DA:202,14
DA:203,14
DA:204,14
DA:205,14
DA:206,14
DA:207,14
DA:208,14
DA:209,14
DA:210,14
DA:211,14
DA:212,14
DA:213,14
DA:214,14
DA:215,14
DA:216,14
DA:217,14
DA:218,14
DA:219,14
DA:220,14
DA:221,14
DA:222,14
DA:223,14
DA:224,14
DA:225,14
DA:226,14
DA:227,14
DA:228,14
DA:229,14
DA:230,14
DA:231,14
DA:232,14
DA:233,14
DA:234,14
DA:235,14
DA:236,14
DA:237,14
DA:238,14
DA:239,14
DA:240,14
DA:241,14
DA:242,14
DA:243,14
DA:244,14
DA:245,14
DA:246,14
DA:247,14
DA:248,14
DA:249,14
DA:250,14
DA:251,14
DA:252,14
DA:253,14
DA:254,14
DA:255,14
DA:256,14
DA:257,14
DA:258,14
DA:259,14
DA:260,14
DA:261,14
DA:262,14
DA:263,14
DA:264,14
DA:265,14
DA:266,14
DA:267,14
DA:268,14
DA:269,14
DA:270,14
DA:271,14
DA:272,14
DA:273,14
DA:274,14
DA:275,14
DA:276,14
DA:277,14
DA:278,14
DA:279,14
DA:280,14
DA:281,14
DA:282,14
DA:283,14
DA:284,14
DA:285,14
DA:286,14
DA:287,14
DA:288,14
DA:289,14
DA:290,14
DA:291,14
DA:292,14
DA:293,14
DA:294,14
DA:295,14
DA:296,14
DA:297,14
DA:298,14
DA:299,14
DA:300,14
DA:301,14
DA:302,14
DA:303,14
DA:304,14
DA:305,14
DA:306,14
DA:307,14
DA:308,14
DA:309,14
DA:310,14
DA:311,14
DA:312,14
DA:313,14
DA:314,14
DA:315,14
DA:316,14
DA:317,14
DA:318,14
DA:319,14
DA:320,14
DA:321,14
DA:322,14
DA:323,14
DA:324,14
DA:325,14
DA:326,14
DA:327,14
DA:328,14
DA:329,14
DA:330,14
DA:331,14
DA:332,14
DA:333,14
DA:334,14
DA:335,14
DA:336,14
DA:337,14
DA:338,14
DA:339,14
DA:340,14
DA:341,14
DA:342,14
DA:343,14
DA:344,14
DA:345,14
DA:346,14
DA:347,14
DA:348,14
DA:349,14
DA:350,14
DA:351,14
DA:352,14
DA:353,14
DA:354,14
DA:355,14
DA:356,14
DA:357,14
DA:358,14
DA:359,14
DA:360,14
DA:361,14
DA:362,14
DA:363,14
DA:364,14
DA:365,14
DA:366,14
DA:367,14
DA:368,14
DA:369,14
DA:370,14
DA:371,14
DA:372,14
DA:373,14
DA:374,14
DA:375,14
DA:376,14
DA:377,14
DA:378,14
DA:379,14
DA:380,14
DA:381,14
DA:382,14
DA:383,14
DA:384,14
DA:385,14
DA:386,14
DA:387,14
DA:388,14
DA:389,14
DA:390,14
DA:391,14
DA:392,14
DA:393,14
DA:394,14
DA:395,14
DA:396,14
DA:397,14
DA:398,14
DA:399,14
DA:400,14
DA:401,14
DA:402,14
DA:403,14
DA:404,14
DA:405,14
DA:406,14
DA:407,14
DA:408,14
DA:409,14
DA:410,14
DA:411,14
DA:412,14
DA:413,14
DA:414,14
DA:415,14
DA:416,14
DA:417,14
DA:418,14
DA:419,14
DA:420,14
DA:421,14
DA:422,14
DA:423,14
DA:424,14
DA:425,14
DA:426,14
DA:427,14
DA:428,14
DA:429,14
DA:430,14
DA:431,14
DA:432,14
DA:433,14
DA:434,14
DA:435,14
DA:436,14
DA:437,14
DA:438,14
DA:439,14
DA:440,14
DA:441,14
DA:442,14
DA:443,14
DA:444,14
DA:445,14
DA:446,14
DA:447,14
DA:448,14
DA:449,14
DA:450,14
DA:451,14
DA:452,14
DA:453,14
DA:454,14
DA:455,14
DA:456,14
DA:457,14
DA:458,14
DA:459,14
DA:460,14
DA:461,14
DA:462,14
DA:463,14
DA:464,14
DA:465,14
DA:466,14
DA:467,14
DA:468,14
DA:469,14
DA:470,14
DA:471,14
DA:472,14
DA:473,14
DA:474,14
DA:475,14
DA:476,14
DA:477,14
DA:478,14
DA:479,14
DA:480,14
DA:481,14
DA:482,14
DA:483,14
DA:484,14
DA:485,14
DA:486,14
DA:487,14
DA:488,14
DA:489,14
DA:490,14
DA:491,14
DA:492,14
DA:493,14
DA:494,14
DA:495,14
DA:496,14
DA:497,14
DA:498,14
DA:499,14
DA:500,14
DA:501,14
DA:502,14
DA:503,14
DA:504,14
DA:505,14
DA:506,14
DA:507,14
DA:508,14
DA:509,14
DA:510,14
DA:511,14
DA:512,14
DA:513,14
DA:514,14
DA:515,14
DA:516,14
DA:517,14
DA:518,14
DA:519,14
DA:520,14
DA:521,14
DA:522,14
DA:523,14
DA:524,14
DA:525,14
DA:526,14
DA:527,14
DA:528,14
DA:529,14
DA:530,14
DA:531,14
DA:532,14
DA:533,14
DA:534,14
DA:535,14
DA:536,14
DA:537,14
DA:538,14
DA:539,14
DA:540,14
DA:541,14
DA:542,14
DA:543,14
DA:544,14
DA:545,14
DA:546,14
DA:547,14
DA:548,14
DA:549,14
DA:550,14
DA:551,14
DA:552,14
DA:553,14
DA:554,14
DA:555,14
DA:556,14
DA:557,14
DA:558,14
DA:559,14
DA:560,14
DA:561,14
DA:562,14
DA:563,14
DA:564,14
DA:565,14
DA:566,14
DA:567,14
DA:568,14
DA:569,14
DA:570,14
DA:571,14
DA:572,14
DA:573,14
DA:574,14
DA:575,14
DA:576,14
DA:577,14
DA:578,14
DA:579,14
DA:580,14
DA:581,14
DA:582,14
DA:583,14
DA:584,14
DA:585,14
DA:586,14
DA:587,14
DA:588,14
DA:589,14
DA:590,14
DA:591,14
DA:592,14
DA:593,14
DA:594,14
DA:595,14
DA:596,14
DA:597,14
DA:598,14
DA:599,14
DA:600,14
DA:601,14
DA:602,14
DA:603,14
DA:604,14
DA:605,14
DA:606,14
DA:607,14
DA:608,14
DA:609,14
DA:610,14
DA:611,14
DA:612,14
DA:613,14
DA:614,14
DA:615,14
DA:616,14
DA:617,14
DA:618,14
DA:619,14
DA:620,14
DA:621,14
DA:622,14
DA:623,14
DA:624,14
DA:625,14
DA:626,14
DA:627,14
DA:628,14
DA:629,14
DA:630,14
DA:631,14
DA:632,14
DA:633,14
DA:634,14
DA:635,14
DA:636,14
DA:637,14
DA:638,14
DA:639,14
DA:640,14
DA:641,14
DA:642,14
DA:643,14
DA:644,14
DA:645,14
DA:646,14
DA:647,14
DA:648,14
DA:649,14
DA:650,14
DA:651,14
DA:652,14
DA:653,14
DA:654,14
DA:655,14
DA:656,14
DA:657,14
DA:658,14
DA:659,14
DA:660,14
DA:661,14
DA:662,14
DA:663,14
DA:664,14
DA:665,14
DA:666,14
DA:667,14
DA:668,14
DA:669,14
DA:670,14
DA:671,14
DA:672,14
DA:673,14
DA:674,14
DA:675,14
DA:676,14
DA:677,14
DA:678,14
DA:679,14
DA:680,14
DA:681,14
DA:682,14
DA:683,14
DA:684,14
DA:685,14
DA:686,14
DA:687,14
DA:688,14
DA:689,14
DA:690,14
DA:691,14
DA:692,14
DA:693,14
DA:694,14
DA:695,14
DA:696,14
DA:697,14
DA:698,14
DA:699,14
DA:700,14
DA:701,14
DA:702,14
DA:703,14
DA:704,14
DA:705,14
DA:706,14
DA:707,14
DA:708,14
DA:709,14
DA:710,14
DA:711,14
DA:712,14
DA:713,14
DA:714,14
DA:715,14
DA:716,14
DA:717,14
DA:718,14
DA:719,14
DA:720,14
DA:721,14
DA:722,14
DA:723,14
DA:724,14
DA:725,14
DA:726,14
DA:727,14
DA:728,14
DA:729,14
DA:730,14
DA:731,14
DA:732,14
DA:733,14
DA:734,14
DA:735,14
DA:736,14
DA:737,14
DA:738,14
DA:739,14
DA:740,14
DA:741,14
DA:742,14
DA:743,14
DA:744,14
DA:745,14
DA:746,14
DA:747,14
DA:748,14
DA:749,14
DA:750,14
DA:751,14
DA:752,14
DA:753,14
DA:754,14
DA:755,14
DA:756,14
DA:757,14
DA:758,14
DA:759,14
DA:760,14
DA:761,14
DA:762,14
DA:763,14
DA:764,14
DA:765,14
DA:766,14
DA:767,14
DA:768,14
DA:769,14
DA:770,14
DA:771,14
DA:772,14
DA:773,14
DA:774,14
DA:775,14
DA:776,14
DA:777,14
DA:778,14
DA:779,14
DA:780,14
DA:781,14
DA:782,14
DA:783,14
DA:784,14
DA:785,14
DA:786,14
DA:787,14
DA:788,14
DA:789,14
DA:790,14
DA:791,14
DA:792,14
DA:793,14
DA:794,14
DA:795,14
DA:796,14
DA:797,14
DA:798,14
DA:799,14
DA:800,14
DA:801,14
DA:802,14
DA:803,14
DA:804,14
DA:805,14
DA:806,14
DA:807,14
DA:808,14
DA:809,14
DA:810,14
DA:811,14
DA:812,14
DA:813,14
DA:814,14
DA:815,14
DA:816,14
DA:817,14
DA:818,14
DA:819,14
DA:820,14
DA:821,14
DA:822,14
DA:823,14
DA:824,14
DA:825,14
DA:826,14
DA:827,14
DA:828,14
DA:829,14
DA:830,14
DA:831,14
DA:832,14
DA:833,14
DA:834,14
DA:835,14
DA:836,14
DA:837,14
DA:838,14
DA:839,14
DA:840,14
DA:841,14
DA:842,14
DA:843,14
DA:844,14
DA:845,14
DA:846,14
DA:847,14
DA:848,14
DA:849,14
DA:850,14
DA:851,14
DA:852,14
DA:853,14
DA:854,14
DA:855,14
DA:856,14
DA:857,14
DA:858,14
DA:859,14
DA:860,14
DA:861,14
DA:862,14
DA:863,14
DA:864,14
DA:865,14
DA:866,14
DA:867,14
DA:868,14
DA:869,14
DA:870,14
DA:871,14
DA:872,14
DA:873,14
DA:874,14
DA:875,14
DA:876,14
DA:877,14
DA:878,14
DA:879,14
DA:880,14
DA:881,14
DA:882,14
DA:883,14
DA:884,14
DA:885,14
DA:886,14
DA:887,14
DA:888,14
DA:889,14
DA:890,14
DA:891,14
DA:892,14
DA:893,14
DA:894,14
DA:895,14
DA:896,14
DA:897,14
DA:898,14
DA:899,14
DA:900,14
DA:901,14
DA:902,14
DA:903,14
DA:904,14
DA:905,14
DA:906,14
DA:907,14
DA:908,14
DA:909,14
DA:910,14
DA:911,14
DA:912,14
DA:913,14
DA:914,14
DA:915,14
DA:916,14
DA:917,14
DA:918,14
DA:919,14
DA:920,14
DA:921,14
DA:922,14
DA:923,14
DA:924,14
DA:925,14
DA:926,14
DA:927,14
DA:928,14
DA:929,14
DA:930,14
DA:931,14
DA:932,14
DA:933,14
DA:934,14
DA:935,14
DA:936,14
DA:937,14
DA:938,14
DA:939,14
DA:940,14
DA:941,14
DA:942,14
DA:943,14
DA:944,14
DA:945,14
DA:946,14
DA:947,14
DA:948,14
DA:949,14
DA:950,14
DA:951,14
DA:952,14
DA:953,14
DA:954,14
DA:955,14
DA:956,14
DA:957,14
DA:958,14
DA:959,14
DA:960,14
DA:961,14
DA:962,14
DA:963,14
DA:964,14
DA:965,14
DA:966,14
DA:967,14
DA:968,14
DA:969,14
DA:970,14
DA:971,14
DA:972,14
DA:973,14
DA:974,14
DA:975,14
DA:976,14
DA:977,14
DA:978,14
DA:979,14
DA:980,14
DA:981,14
DA:982,14
DA:983,14
DA:984,14
DA:985,14
DA:986,14
DA:987,14
DA:988,14
DA:989,14
DA:990,14
DA:991,14
DA:992,14
DA:993,14
DA:994,14
DA:995,14
DA:996,14
DA:997,14
DA:998,14
DA:999,14
DA:1000,14
DA:1001,14
DA:1002,14
DA:1003,14
DA:1004,14
DA:1005,14
DA:1006,14
DA:1007,14
DA:1008,14
DA:1009,14
DA:1010,14
DA:1011,14
DA:1012,14
DA:1013,14
DA:1014,14
DA:1015,14
DA:1016,14
DA:1017,14
DA:1018,14
DA:1019,14
DA:1020,14
DA:1021,14
DA:1022,14
DA:1023,14
DA:1024,14
DA:1025,14
DA:1026,14
DA:1027,14
DA:1028,14
DA:1029,14
DA:1030,14
DA:1031,14
DA:1032,14
DA:1033,14
DA:1034,14
DA:1035,14
DA:1036,14
DA:1037,14
DA:1038,14
DA:1039,14
DA:1040,14
DA:1041,14
DA:1042,14
DA:1043,14
DA:1044,14
DA:1045,14
DA:1046,14
DA:1047,14
DA:1048,14
DA:1049,14
DA:1050,14
DA:1051,14
DA:1052,14
DA:1053,14
DA:1054,14
DA:1055,14
DA:1056,14
DA:1057,14
DA:1058,14
DA:1059,14
DA:1060,14
DA:1061,14
DA:1062,14
DA:1063,14
DA:1064,14
DA:1065,14
DA:1066,14
DA:1067,14
DA:1068,14
DA:1069,14
DA:1070,14
DA:1071,14
DA:1072,14
DA:1073,14
DA:1074,14
DA:1075,14
DA:1076,14
DA:1077,14
DA:1078,14
DA:1079,14
DA:1080,14
DA:1081,14
DA:1082,14
DA:1083,14
DA:1084,14
DA:1085,14
DA:1086,14
DA:1087,14
DA:1088,14
DA:1089,14
DA:1090,14
DA:1091,14
DA:1092,14
DA:1093,14
DA:1094,14
DA:1095,14
DA:1096,14
DA:1097,14
DA:1098,14
DA:1099,14
DA:1100,14
DA:1101,14
DA:1102,14
DA:1103,14
DA:1104,14
DA:1105,14
DA:1106,14
DA:1107,14
DA:1108,14
DA:1109,14
DA:1110,14
DA:1111,14
DA:1112,14
DA:1113,14
DA:1114,14
DA:1115,14
DA:1116,14
DA:1117,14
DA:1118,14
DA:1119,14
DA:1120,14
DA:1121,14
DA:1122,14
DA:1123,14
DA:1124,14
DA:1125,14
DA:1126,14
DA:1127,14
DA:1128,14
DA:1129,14
DA:1130,14
DA:1131,14
DA:1132,14
DA:1133,14
DA:1134,14
DA:1135,14
DA:1136,14
DA:1137,14
DA:1138,14
DA:1139,14
DA:1140,14
DA:1141,14
DA:1142,14
DA:1143,14
DA:1144,14
DA:1145,14
DA:1146,14
DA:1147,14
DA:1148,14
DA:1149,14
DA:1150,14
DA:1151,14
DA:1152,14
DA:1153,14
DA:1154,14
DA:1155,14
DA:1156,14
DA:1157,14
DA:1158,14
DA:1159,14
DA:1160,14
DA:1161,14
DA:1162,14
DA:1163,14
DA:1164,14
DA:1165,14
DA:1166,14
DA:1167,14
DA:1168,14
DA:1169,14
DA:1170,14
DA:1171,14
DA:1172,14
DA:1173,14
DA:1174,14
DA:1175,14
DA:1176,14
DA:1177,14
DA:1178,14
DA:1179,14
DA:1180,14
DA:1181,14
DA:1182,14
DA:1183,14
DA:1184,14
DA:1185,14
DA:1186,14
DA:1187,14
DA:1188,14
DA:1189,14
DA:1190,14
DA:1191,14
DA:1192,14
DA:1193,14
DA:1194,14
DA:1195,14
DA:1196,14
DA:1197,14
DA:1198,14
DA:1199,14
DA:1200,14
DA:1201,14
DA:1202,14
DA:1203,14
DA:1204,14
DA:1205,14
DA:1206,14
DA:1207,14
DA:1208,14
DA:1209,14
DA:1210,14
DA:1211,14
DA:1212,14
DA:1213,14
DA:1214,14
DA:1215,14
DA:1216,14
DA:1217,14
DA:1218,14
DA:1219,14
DA:1220,14
DA:1221,14
DA:1222,14
DA:1223,14
DA:1224,14
DA:1225,14
DA:1226,14
DA:1227,14
DA:1228,14
DA:1229,14
DA:1230,14
DA:1231,14
DA:1232,14
DA:1233,14
DA:1234,14
DA:1235,14
DA:1236,14
DA:1237,14
DA:1238,14
DA:1239,14
DA:1240,14
DA:1241,14
DA:1242,14
DA:1243,14
DA:1244,14
DA:1245,14
DA:1246,14
DA:1247,14
DA:1248,14
DA:1249,14
DA:1250,14
DA:1251,14
DA:1252,14
DA:1253,14
DA:1254,14
DA:1255,14
DA:1256,14
DA:1257,14
DA:1258,14
DA:1259,14
DA:1260,14
DA:1261,14
DA:1262,14
DA:1263,14
DA:1264,14
DA:1265,14
DA:1266,14
DA:1267,14
DA:1268,14
DA:1269,14
DA:1270,14
DA:1271,14
DA:1272,14
DA:1273,14
DA:1274,14
DA:1275,14
DA:1276,14
DA:1277,14
DA:1278,14
DA:1279,14
DA:1280,14
DA:1281,14
DA:1282,14
DA:1283,14
DA:1284,14
DA:1285,14
DA:1286,14
DA:1287,14
DA:1288,14
DA:1289,14
DA:1290,14
DA:1291,14
DA:1292,14
DA:1293,14
DA:1294,14
DA:1295,14
DA:1296,14
DA:1297,14
DA:1298,14
DA:1299,14
DA:1300,14
DA:1301,14
DA:1302,14
DA:1303,14
DA:1304,14
DA:1305,14
DA:1306,14
DA:1307,14
DA:1308,14
DA:1309,14
DA:1310,14
DA:1311,14
DA:1312,14
DA:1313,14
DA:1314,14
DA:1315,14
DA:1316,14
DA:1317,14
DA:1318,14
DA:1319,14
DA:1320,14
DA:1321,14
DA:1322,14
DA:1323,14
DA:1324,14
DA:1325,14
DA:1326,14
DA:1327,14
DA:1328,14
DA:1329,14
DA:1330,14
DA:1331,14
DA:1332,14
DA:1333,14
DA:1334,14
DA:1335,14
DA:1336,14
DA:1337,14
DA:1338,14
DA:1339,14
DA:1340,14
DA:1341,14
DA:1342,14
DA:1343,14
DA:1344,14
DA:1345,14
DA:1346,14
DA:1347,14
DA:1348,14
DA:1349,14
DA:1350,14
DA:1351,14
DA:1352,14
DA:1353,14
DA:1354,14
DA:1355,14
DA:1356,14
DA:1357,14
DA:1358,14
DA:1359,14
DA:1360,14
DA:1361,14
DA:1362,14
DA:1363,14
DA:1364,14
DA:1365,14
DA:1366,14
DA:1367,14
DA:1368,14
DA:1369,14
DA:1370,14
DA:1371,14
DA:1372,14
DA:1373,14
DA:1374,14
DA:1375,14
DA:1376,14
DA:1377,14
DA:1378,14
DA:1379,14
DA:1380,14
DA:1381,14
DA:1382,14
DA:1383,14
DA:1384,14
DA:1385,14
DA:1386,14
DA:1387,14
DA:1388,14
DA:1389,14
DA:1390,14
DA:1391,14
DA:1392,14
DA:1393,14
DA:1394,14
DA:1395,14
DA:1396,14
DA:1397,14
DA:1398,14
DA:1399,14
DA:1400,14
DA:1401,14
DA:1402,14
DA:1403,14
DA:1404,14
DA:1405,14
DA:1406,14
DA:1407,14
DA:1408,14
DA:1409,14
DA:1410,14
DA:1411,14
DA:1412,14
DA:1413,14
DA:1414,14
DA:1415,14
DA:1416,14
DA:1417,14
DA:1418,14
DA:1419,14
DA:1420,14
DA:1421,14
DA:1422,14
DA:1423,14
DA:1424,14
DA:1425,14
DA:1426,14
DA:1427,14
DA:1428,14
DA:1429,14
DA:1430,14
DA:1431,14
DA:1432,14
DA:1433,14
DA:1434,14
DA:1435,14
DA:1436,14
DA:1437,14
DA:1438,14
DA:1439,14
DA:1440,14
DA:1441,14
DA:1442,14
DA:1443,14
DA:1444,14
DA:1445,14
DA:1446,14
DA:1447,14
DA:1448,14
DA:1449,14
DA:1450,14
DA:1451,14
DA:1452,14
DA:1453,14
DA:1454,14
DA:1455,14
DA:1456,14
DA:1457,14
DA:1458,14
DA:1459,14
DA:1460,14
DA:1461,14
DA:1462,14
DA:1463,14
DA:1464,14
DA:1465,14
DA:1466,14
DA:1467,14
DA:1468,14
DA:1469,14
DA:1470,14
DA:1471,14
DA:1472,14
DA:1473,14
DA:1474,14
DA:1475,14
DA:1476,14
DA:1477,14
DA:1478,14
DA:1479,14
DA:1480,14
DA:1481,14
DA:1482,14
DA:1483,14
DA:1484,14
DA:1485,14
DA:1486,14
DA:1487,14
DA:1488,14
DA:1489,14
DA:1490,14
DA:1491,14
DA:1492,14
DA:1493,14
DA:1494,14
DA:1495,14
DA:1496,14
DA:1497,14
DA:1498,14
DA:1499,14
DA:1500,14
DA:1501,14
DA:1502,14
DA:1503,14
DA:1504,14
DA:1505,14
DA:1506,14
DA:1507,14
DA:1508,14
DA:1509,14
DA:1510,14
DA:1511,14
DA:1512,14
DA:1513,14
DA:1514,14
DA:1515,14
DA:1516,14
DA:1517,14
DA:1518,14
DA:1519,14
DA:1520,14
DA:1521,14
DA:1522,14
DA:1523,14
DA:1524,14
DA:1525,14
DA:1526,14
DA:1527,14
DA:1528,14
DA:1529,14
DA:1530,14
DA:1531,14
DA:1532,14
DA:1533,14
DA:1534,14
DA:1535,14
DA:1536,14
DA:1537,14
DA:1538,14
DA:1539,14
DA:1540,14
DA:1541,14
DA:1542,14
DA:1543,14
DA:1544,14
DA:1545,14
DA:1546,14
DA:1547,14
DA:1548,14
DA:1549,14
DA:1550,14
DA:1551,14
DA:1552,14
DA:1553,14
DA:1554,14
DA:1555,14
DA:1556,14
DA:1557,14
DA:1558,14
DA:1559,14
DA:1560,14
DA:1561,14
DA:1562,14
DA:1563,14
DA:1564,14
DA:1565,14
DA:1566,14
DA:1567,14
DA:1568,14
DA:1569,14
DA:1570,14
DA:1571,14
DA:1572,14
DA:1573,14
DA:1574,14
DA:1575,14
DA:1576,14
DA:1577,14
DA:1578,14
DA:1579,14
DA:1580,14
DA:1581,14
DA:1582,14
DA:1583,14
DA:1584,14
DA:1585,14
DA:1586,14
DA:1587,14
DA:1588,14
DA:1589,14
DA:1590,14
DA:1591,14
DA:1592,14
DA:1593,14
DA:1594,14
DA:1595,14
DA:1596,14
DA:1597,14
DA:1598,14
DA:1599,14
DA:1600,14
DA:1601,14
DA:1602,14
DA:1603,14
DA:1604,14
DA:1605,14
DA:1606,14
DA:1607,14
DA:1608,14
DA:1609,14
DA:1610,14
DA:1611,14
DA:1612,14
DA:1613,14
DA:1614,14
DA:1615,14
DA:1616,14
DA:1617,14
DA:1618,14
DA:1619,14
DA:1620,14
DA:1621,14
DA:1622,14
DA:1623,14
DA:1624,14
DA:1625,14
DA:1626,14
DA:1627,14
DA:1628,14
DA:1629,14
DA:1630,14
DA:1631,14
DA:1632,14
DA:1633,14
DA:1634,14
DA:1635,14
DA:1636,14
DA:1637,14
DA:1638,14
DA:1639,14
DA:1640,14
DA:1641,14
DA:1642,14
DA:1643,14
DA:1644,14
DA:1645,14
DA:1646,14
DA:1647,14
DA:1648,14
DA:1649,14
DA:1650,14
DA:1651,14
DA:1652,14
DA:1653,14
DA:1654,14
DA:1655,14
DA:1656,14
DA:1657,14
DA:1658,14
DA:1659,14
DA:1660,14
DA:1661,14
DA:1662,14
DA:1663,14
DA:1664,14
DA:1665,14
DA:1666,14
DA:1667,14
DA:1668,14
DA:1669,14
DA:1670,14
DA:1671,14
DA:1672,14
DA:1673,14
DA:1674,14
DA:1675,14
DA:1676,14
DA:1677,14
DA:1678,14
DA:1679,14
DA:1680,14
DA:1681,14
DA:1682,14
DA:1683,14
DA:1684,14
DA:1685,14
DA:1686,14
DA:1687,14
DA:1688,14
DA:1689,14
DA:1690,14
DA:1691,14
DA:1692,14
DA:1693,14
DA:1694,14
DA:1695,14
DA:1696,14
DA:1697,14
DA:1698,14
DA:1699,14
DA:1700,14
DA:1701,14
DA:1702,14
DA:1703,14
DA:1704,14
DA:1705,14
DA:1706,14
DA:1707,14
DA:1708,14
DA:1709,14
DA:1710,14
DA:1711,14
DA:1712,14
DA:1713,14
DA:1714,14
DA:1715,14
DA:1716,14
DA:1717,14
DA:1718,14
DA:1719,14
DA:1720,14
DA:1721,14
DA:1722,14
DA:1723,14
DA:1724,14
DA:1725,14
DA:1726,14
DA:1727,14
DA:1728,14
DA:1729,14
DA:1730,14
DA:1731,14
DA:1732,14
DA:1733,14
DA:1734,14
DA:1735,14
DA:1736,14
DA:1737,14
DA:1738,14
DA:1739,14
DA:1740,14
DA:1741,14
DA:1742,14
DA:1743,14
DA:1744,14
DA:1745,14
DA:1746,14
DA:1747,14
DA:1748,14
DA:1749,14
DA:1750,14
DA:1751,14
DA:1752,14
DA:1753,14
DA:1754,14
DA:1755,14
DA:1756,14
DA:1757,14
DA:1758,14
DA:1759,14
DA:1760,14
DA:1761,14
DA:1762,14
DA:1763,14
DA:1764,14
DA:1765,14
DA:1766,14
DA:1767,14
DA:1768,14
DA:1769,14
DA:1770,14
DA:1771,14
DA:1772,14
DA:1773,14
DA:1774,14
DA:1775,14
DA:1776,14
DA:1777,14
DA:1778,14
DA:1779,14
DA:1780,14
DA:1781,14
DA:1782,14
DA:1783,14
DA:1784,14
DA:1785,14
DA:1786,14
DA:1787,14
DA:1788,14
DA:1789,14
DA:1790,14
DA:1791,14
DA:1792,14
DA:1793,14
DA:1794,14
DA:1795,14
DA:1796,14
DA:1797,14
DA:1798,14
DA:1799,14
DA:1800,14
DA:1801,14
DA:1802,14
DA:1803,14
DA:1804,14
DA:1805,14
DA:1806,14
DA:1807,14
DA:1808,14
DA:1809,14
DA:1810,14
DA:1811,14
DA:1812,14
DA:1813,14
DA:1814,14
DA:1815,14
DA:1816,14
DA:1817,14
DA:1818,14
DA:1819,14
DA:1820,14
DA:1821,14
DA:1822,14
DA:1823,14
DA:1824,14
DA:1825,14
DA:1826,14
DA:1827,14
DA:1828,14
DA:1829,14
DA:1830,14
DA:1831,14
DA:1832,14
DA:1833,14
DA:1834,14
DA:1835,14
DA:1836,14
DA:1837,14
DA:1838,14
DA:1839,14
DA:1840,14
DA:1841,14
DA:1842,14
DA:1843,14
DA:1844,14
DA:1845,14
DA:1846,14
DA:1847,14
DA:1848,14
DA:1849,14
DA:1850,14
DA:1851,14
DA:1852,14
DA:1853,14
DA:1854,14
DA:1855,14
DA:1856,14
DA:1857,14
DA:1858,14
DA:1859,14
DA:1860,14
DA:1861,14
DA:1862,14
DA:1863,14
DA:1864,14
DA:1865,14
DA:1866,14
DA:1867,14
DA:1868,14
DA:1869,14
DA:1870,14
DA:1871,14
DA:1872,14
DA:1873,14
DA:1874,14
DA:1875,14
DA:1876,14
DA:1877,14
DA:1878,14
DA:1879,14
DA:1880,14
DA:1881,14
DA:1882,14
DA:1883,14
DA:1884,14
DA:1885,14
DA:1886,14
DA:1887,14
DA:1888,14
DA:1889,14
DA:1890,14
DA:1891,14
DA:1892,14
DA:1893,14
DA:1894,14
DA:1895,14
DA:1896,14
DA:1897,14
DA:1898,14
DA:1899,14
DA:1900,14
DA:1901,14
DA:1902,14
DA:1903,14
DA:1904,14
DA:1905,14
DA:1906,14
DA:1907,14
DA:1908,14
DA:1909,14
DA:1910,14
DA:1911,14
DA:1912,14
DA:1913,14
DA:1914,14
DA:1915,14
DA:1916,14
DA:1917,14
DA:1918,14
DA:1919,14
DA:1920,14
DA:1921,14
DA:1922,14
DA:1923,14
DA:1924,14
DA:1925,14
DA:1926,14
DA:1927,14
DA:1928,14
DA:1929,14
DA:1930,14
DA:1931,14
DA:1932,14
DA:1933,14
DA:1934,14
DA:1935,14
DA:1936,14
DA:1937,14
DA:1938,14
DA:1939,14
DA:1940,14
DA:1941,14
DA:1942,14
DA:1943,14
DA:1944,14
DA:1945,14
DA:1946,14
DA:1947,14
DA:1948,14
DA:1949,14
DA:1950,14
DA:1951,14
DA:1952,14
DA:1953,14
DA:1954,14
DA:1955,14
DA:1956,14
DA:1957,14
DA:1958,14
DA:1959,14
DA:1960,14
DA:1961,14
DA:1962,14
DA:1963,14
DA:1964,14
DA:1965,14
DA:1966,14
DA:1967,14
DA:1968,14
DA:1969,14
DA:1970,14
DA:1971,14
DA:1972,14
DA:1973,14
DA:1974,14
DA:1975,14
DA:1976,14
DA:1977,14
DA:1978,14
DA:1979,14
DA:1980,14
DA:1981,14
DA:1982,14
DA:1983,14
DA:1984,14
DA:1985,14
DA:1986,14
DA:1987,14
DA:1988,14
DA:1989,14
DA:1990,14
DA:1991,14
DA:1992,14
DA:1993,14
DA:1994,14
DA:1995,14
DA:1996,14
DA:1997,14
DA:1998,14
DA:1999,14
DA:2000,14
DA:2001,14
DA:2002,14
DA:2003,14
DA:2004,14
DA:2005,14
DA:2006,14
DA:2007,14
DA:2008,14
DA:2009,14
DA:2010,14
DA:2011,14
DA:2012,14
DA:2013,14
DA:2014,14
DA:2015,14
DA:2016,14
DA:2017,14
DA:2018,14
DA:2019,14
DA:2020,14
DA:2021,14
DA:2022,14
DA:2023,14
DA:2024,14
DA:2025,14
DA:2026,14
DA:2027,14
DA:2028,14
DA:2029,14
DA:2030,14
DA:2031,14
DA:2032,14
DA:2033,14
DA:2034,14
DA:2035,14
DA:2036,14
DA:2037,14
DA:2038,14
DA:2039,14
DA:2040,14
DA:2041,14
DA:2042,14
DA:2043,14
DA:2044,14
DA:2045,14
DA:2046,14
DA:2047,14
DA:2048,14
DA:2049,14
DA:2050,14
DA:2051,14
DA:2052,14
DA:2053,14
DA:2054,14
DA:2055,14
DA:2056,14
DA:2057,14
DA:2058,14
DA:2059,14
DA:2060,14
DA:2061,14
DA:2062,14
DA:2063,14
DA:2064,14
DA:2065,14
DA:2066,14
DA:2067,14
DA:2068,14
DA:2069,14
DA:2070,14
DA:2071,14
DA:2072,14
DA:2073,14
DA:2074,14
DA:2075,14
DA:2076,14
DA:2077,14
DA:2078,14
DA:2079,14
DA:2080,14
DA:2081,14
DA:2082,14
DA:2083,14
DA:2084,14
DA:2085,14
DA:2086,14
DA:2087,14
DA:2088,14
DA:2089,14
DA:2090,14
DA:2091,14
DA:2092,14
DA:2093,14
DA:2094,14
DA:2095,14
DA:2096,14
DA:2097,14
DA:2098,14
DA:2099,14
DA:2100,14
DA:2101,14
DA:2102,14
DA:2103,14
DA:2104,14
DA:2105,14
DA:2106,14
DA:2107,14
DA:2108,14
DA:2109,14
DA:2110,14
DA:2111,14
DA:2112,14
DA:2113,14
DA:2114,14
DA:2115,14
DA:2116,14
DA:2117,14
DA:2118,14
DA:2119,14
DA:2120,14
DA:2121,14
DA:2122,14
DA:2123,14
DA:2124,14
DA:2125,14
DA:2126,14
DA:2127,14
DA:2128,14
DA:2129,14
DA:2130,14
DA:2131,14
DA:2132,14
DA:2133,14
DA:2134,14
DA:2135,14
DA:2136,14
DA:2137,14
DA:2138,14
DA:2139,14
DA:2140,14
DA:2141,14
DA:2142,14
DA:2143,14
DA:2144,14
DA:2145,14
DA:2146,14
DA:2147,14
DA:2148,14
DA:2149,14
DA:2150,14
DA:2151,14
DA:2152,14
DA:2153,14
DA:2154,14
DA:2155,14
DA:2156,14
DA:2157,14
DA:2158,14
DA:2159,14
DA:2160,14
DA:2161,14
DA:2162,14
DA:2163,14
DA:2164,14
DA:2165,14
DA:2166,14
DA:2167,14
DA:2168,14
DA:2169,14
DA:2170,14
DA:2171,14
DA:2172,14
DA:2173,14
DA:2174,14
DA:2175,14
DA:2176,14
DA:2177,14
DA:2178,14
DA:2179,14
DA:2180,14
DA:2181,14
DA:2182,14
DA:2183,14
DA:2184,14
DA:2185,14
DA:2186,14
DA:2187,14
DA:2188,14
DA:2189,14
DA:2190,14
DA:2191,14
DA:2192,14
DA:2193,14
DA:2194,14
DA:2195,14
DA:2196,14
DA:2197,14
DA:2198,14
DA:2199,14
DA:2200,14
DA:2201,14
DA:2202,14
DA:2203,14
DA:2204,14
DA:2205,14
DA:2206,14
DA:2207,14
DA:2208,14
DA:2209,14
DA:2210,14
DA:2211,14
DA:2212,14
DA:2213,14
DA:2214,14
DA:2215,14
DA:2216,14
DA:2217,14
DA:2218,14
DA:2219,14
DA:2220,14
DA:2221,14
DA:2222,14
DA:2223,14
DA:2224,14
DA:2225,14
DA:2226,14
DA:2227,14
DA:2228,14
DA:2229,14
DA:2230,14
DA:2231,14
DA:2232,14
DA:2233,14
DA:2234,14
DA:2235,14
DA:2236,14
DA:2237,14
DA:2238,14
DA:2239,14
DA:2240,14
DA:2241,14
DA:2242,14
DA:2243,14
DA:2244,14
DA:2245,14
DA:2246,14
DA:2247,14
DA:2248,14
DA:2249,14
DA:2250,14
DA:2251,14
DA:2252,14
DA:2253,14
DA:2254,14
DA:2255,14
DA:2256,14
DA:2257,14
DA:2258,14
DA:2259,14
DA:2260,14
DA:2261,14
DA:2262,14
DA:2263,14
DA:2264,14
DA:2265,14
DA:2266,14
DA:2267,14
DA:2268,14
DA:2269,14
DA:2270,14
DA:2271,14
DA:2272,14
DA:2273,14
DA:2274,14
DA:2275,14
DA:2276,14
DA:2277,14
DA:2278,14
DA:2279,14
DA:2280,14
DA:2281,14
DA:2282,14
DA:2283,14
DA:2284,14
DA:2285,14
DA:2286,14
DA:2287,14
DA:2288,14
DA:2289,14
DA:2290,14
DA:2291,14
DA:2292,14
DA:2293,14
DA:2294,14
DA:2295,14
DA:2296,14
DA:2297,14
DA:2298,14
DA:2299,14
DA:2300,14
DA:2301,14
DA:2302,14
DA:2303,14
DA:2304,14
DA:2305,14
DA:2306,14
DA:2307,14
DA:2308,14
DA:2309,14
DA:2310,14
DA:2311,14
DA:2312,14
DA:2313,14
DA:2314,14
DA:2315,14
DA:2316,14
DA:2317,14
DA:2318,14
DA:2319,14
DA:2320,14
DA:2321,14
DA:2322,14
DA:2323,14
DA:2324,14
DA:2325,14
DA:2326,14
DA:2327,14
DA:2328,14
DA:2329,14
DA:2330,14
DA:2331,14
DA:2332,14
DA:2333,14
DA:2334,14
DA:2335,14
DA:2336,14
DA:2337,14
DA:2338,14
DA:2339,14
DA:2340,14
DA:2341,14
DA:2342,14
DA:2343,14
DA:2344,14
DA:2345,14
DA:2346,14
DA:2347,14
DA:2348,14
DA:2349,14
DA:2350,14
DA:2351,14
DA:2352,14
DA:2353,14
DA:2354,14
DA:2355,14
DA:2356,14
DA:2357,14
DA:2358,14
DA:2359,14
DA:2360,14
DA:2361,14
DA:2362,14
DA:2363,14
DA:2364,14
DA:2365,14
DA:2366,14
DA:2367,14
DA:2368,14
DA:2369,14
DA:2370,14
DA:2371,14
DA:2372,14
DA:2373,14
DA:2374,14
DA:2375,14
DA:2376,14
DA:2377,14
DA:2378,14
DA:2379,14
DA:2380,14
DA:2381,14
DA:2382,14
DA:2383,14
DA:2384,14
DA:2385,14
DA:2386,14
DA:2387,14
DA:2388,14
DA:2389,14
DA:2390,14
DA:2391,14
DA:2392,14
DA:2393,14
DA:2394,14
DA:2395,14
DA:2396,14
DA:2397,14
DA:2398,14
DA:2399,14
DA:2400,14
DA:2401,14
DA:2402,14
DA:2403,14
DA:2404,14
DA:2405,14
DA:2406,14
DA:2407,14
DA:2408,14
DA:2409,14
DA:2410,14
DA:2411,14
DA:2412,14
DA:2413,14
DA:2414,14
DA:2415,14
DA:2416,14
DA:2417,14
DA:2418,14
DA:2419,14
DA:2420,14
DA:2421,14
DA:2422,14
DA:2423,14
DA:2424,14
DA:2425,14
DA:2426,14
DA:2427,14
DA:2428,14
DA:2429,14
DA:2430,14
DA:2431,14
DA:2432,14
DA:2433,14
DA:2434,14
DA:2435,14
DA:2436,14
DA:2437,14
DA:2438,14
DA:2439,14
DA:2440,14
DA:2441,14
DA:2442,14
DA:2443,14
DA:2444,14
DA:2445,14
DA:2446,14
DA:2447,14
DA:2448,14
DA:2449,14
DA:2450,14
DA:2451,14
DA:2452,14
DA:2453,14
DA:2454,14
DA:2455,14
DA:2456,14
DA:2457,14
DA:2458,14
DA:2459,14
DA:2460,14
DA:2461,14
DA:2462,14
DA:2463,14
DA:2464,14
DA:2465,14
DA:2466,14
DA:2467,14
DA:2468,14
DA:2469,14
DA:2470,14
DA:2471,14
DA:2472,14
DA:2473,14
DA:2474,14
DA:2475,14
DA:2476,14
DA:2477,14
DA:2478,14
DA:2479,14
DA:2480,14
DA:2481,14
DA:2482,14
DA:2483,14
DA:2484,14
DA:2485,14
DA:2486,14
DA:2487,14
DA:2488,14
DA:2489,14
DA:2490,14
DA:2491,14
DA:2492,14
DA:2493,14
DA:2494,14
DA:2495,14
DA:2496,14
DA:2497,14
DA:2498,14
DA:2499,14
DA:2500,14
DA:2501,14
DA:2502,14
DA:2503,14
DA:2504,14
DA:2505,14
DA:2506,14
DA:2507,14
DA:2508,14
DA:2509,14
DA:2510,14
DA:2511,14
DA:2512,14
DA:2513,14
DA:2514,14
DA:2515,14
DA:2516,14
DA:2517,14
DA:2518,14
DA:2519,14
DA:2520,14
DA:2521,14
DA:2522,14
DA:2523,14
DA:2524,14
DA:2525,14
DA:2526,14
DA:2527,14
DA:2528,14
DA:2529,14
DA:2530,14
DA:2531,14
DA:2532,14
DA:2533,14
DA:2534,14
DA:2535,14
DA:2536,14
DA:2537,14
DA:2538,14
DA:2539,14
DA:2540,14
DA:2541,14
DA:2542,14
DA:2543,14
DA:2544,14
DA:2545,14
DA:2546,14
DA:2547,14
DA:2548,14
DA:2549,14
DA:2550,14
DA:2551,14
DA:2552,14
DA:2553,14
DA:2554,14
DA:2555,14
DA:2556,14
DA:2557,14
DA:2558,14
DA:2559,14
DA:2560,14
DA:2561,14
DA:2562,14
DA:2563,14
DA:2564,14
DA:2565,14
DA:2566,14
DA:2567,14
DA:2568,14
DA:2569,14
DA:2570,14
DA:2571,14
DA:2572,14
DA:2573,14
DA:2574,14
DA:2575,14
DA:2576,14
DA:2577,14
DA:2578,14
DA:2579,14
DA:2580,14
DA:2581,14
DA:2582,14
DA:2583,14
DA:2584,14
DA:2585,14
DA:2586,14
DA:2587,14
DA:2588,14
DA:2589,14
DA:2590,14
DA:2591,14
DA:2592,14
DA:2593,14
DA:2594,14
DA:2595,14
DA:2596,14
DA:2597,14
DA:2598,14
DA:2599,14
DA:2600,14
DA:2601,14
DA:2602,14
DA:2603,14
DA:2604,14
DA:2605,14
DA:2606,14
DA:2607,14
DA:2608,14
DA:2609,14
DA:2610,14
DA:2611,14
DA:2612,14
DA:2613,14
DA:2614,14
DA:2615,14
DA:2616,14
DA:2617,14
DA:2618,14
DA:2619,14
DA:2620,14
DA:2621,14
DA:2622,14
DA:2623,14
DA:2624,14
DA:2625,14
DA:2626,14
DA:2627,14
DA:2628,14
DA:2629,14
DA:2630,14
DA:2631,14
DA:2632,14
DA:2633,14
DA:2634,14
DA:2635,14
DA:2636,14
DA:2637,14
DA:2638,14
DA:2639,14
DA:2640,14
DA:2641,14
DA:2642,14
DA:2643,14
DA:2644,14
DA:2645,14
DA:2646,14
DA:2647,14
DA:2648,14
DA:2649,14
DA:2650,14
DA:2651,14
DA:2652,14
DA:2653,14
DA:2654,14
DA:2655,14
DA:2656,14
DA:2657,14
DA:2658,14
DA:2659,14
DA:2660,14
DA:2661,14
DA:2662,14
DA:2663,14
DA:2664,14
DA:2665,14
DA:2666,14
DA:2667,14
DA:2668,14
DA:2669,14
DA:2670,14
DA:2671,14
DA:2672,14
DA:2673,14
DA:2674,14
DA:2675,14
DA:2676,14
DA:2677,14
DA:2678,14
DA:2679,14
DA:2680,14
DA:2681,14
DA:2682,14
DA:2683,14
DA:2684,14
DA:2685,14
DA:2686,14
DA:2687,14
DA:2688,14
DA:2689,14
DA:2690,14
DA:2691,14
DA:2692,14
DA:2693,14
DA:2694,14
DA:2695,14
DA:2696,14
DA:2697,14
DA:2698,14
DA:2699,14
DA:2700,14
DA:2701,14
DA:2702,14
DA:2703,14
DA:2704,14
DA:2705,14
DA:2706,14
DA:2707,14
DA:2708,14
DA:2709,14
DA:2710,14
DA:2711,14
DA:2712,14
DA:2713,14
DA:2714,14
DA:2715,14
DA:2716,14
DA:2717,14
DA:2718,14
DA:2719,14
DA:2720,14
DA:2721,14
DA:2722,14
DA:2723,14
DA:2724,14
DA:2725,14
DA:2726,14
DA:2727,14
DA:2728,14
DA:2729,14
DA:2730,14
DA:2731,14
DA:2732,14
DA:2733,14
DA:2734,14
DA:2735,14
DA:2736,14
DA:2737,14
DA:2738,14
DA:2739,14
DA:2740,14
DA:2741,14
DA:2742,14
DA:2743,14
DA:2744,14
DA:2745,14
DA:2746,14
DA:2747,14
DA:2748,14
DA:2749,14
DA:2750,14
DA:2751,14
DA:2752,14
DA:2753,14
DA:2754,14
DA:2755,14
DA:2756,14
DA:2757,14
DA:2758,14
DA:2759,14
DA:2760,14
DA:2761,14
DA:2762,14
DA:2763,14
DA:2764,14
DA:2765,14
DA:2766,14
DA:2767,14
DA:2768,14
DA:2769,14
DA:2770,14
DA:2771,14
DA:2772,14
DA:2773,14
DA:2774,14
DA:2775,14
DA:2776,14
DA:2777,14
DA:2778,14
DA:2779,14
DA:2780,14
DA:2781,14
DA:2782,14
DA:2783,14
DA:2784,14
DA:2785,14
DA:2786,14
DA:2787,14
DA:2788,14
DA:2789,14
DA:2790,14
DA:2791,14
DA:2792,14
DA:2793,14
DA:2794,14
DA:2795,14
DA:2796,14
DA:2797,14
DA:2798,14
DA:2799,14
DA:2800,14
DA:2801,14
DA:2802,14
DA:2803,14
DA:2804,14
DA:2805,14
DA:2806,14
DA:2807,14
DA:2808,14
DA:2809,14
DA:2810,14
DA:2811,14
DA:2812,14
DA:2813,14
DA:2814,14
DA:2815,14
DA:2816,14
DA:2817,14
DA:2818,14
DA:2819,14
DA:2820,14
DA:2821,14
DA:2822,14
DA:2823,14
DA:2824,14
DA:2825,14
DA:2826,14
DA:2827,14
DA:2828,14
DA:2829,14
DA:2830,14
DA:2831,14
DA:2832,14
DA:2833,14
DA:2834,14
DA:2835,14
DA:2836,14
DA:2837,14
DA:2838,14
DA:2839,14
DA:2840,14
DA:2841,14
DA:2842,14
DA:2843,14
DA:2844,14
DA:2845,14
DA:2846,14
DA:2847,14
DA:2848,14
DA:2849,14
DA:2850,14
DA:2851,14
DA:2852,14
DA:2853,14
DA:2854,14
DA:2855,14
DA:2856,14
DA:2857,14
DA:2858,14
DA:2859,14
DA:2860,14
DA:2861,14
DA:2862,14
DA:2863,14
DA:2864,14
DA:2865,14
DA:2866,14
DA:2867,14
DA:2868,14
DA:2869,14
DA:2870,14
DA:2871,14
DA:2872,14
DA:2873,14
DA:2874,14
DA:2875,14
DA:2876,14
DA:2877,14
DA:2878,14
DA:2879,14
DA:2880,14
DA:2881,14
DA:2882,14
DA:2883,14
DA:2884,14
DA:2885,14
DA:2886,14
DA:2887,14
DA:2888,14
DA:2889,14
DA:2890,14
DA:2891,14
DA:2892,14
DA:2893,14
DA:2894,14
DA:2895,14
DA:2896,14
DA:2897,14
DA:2898,14
DA:2899,14
DA:2900,14
DA:2901,14
DA:2902,14
DA:2903,14
DA:2904,14
DA:2905,14
DA:2906,14
DA:2907,14
DA:2908,14
DA:2909,14
DA:2910,14
DA:2911,14
DA:2912,14
DA:2913,14
DA:2914,14
DA:2915,14
DA:2916,14
DA:2917,14
DA:2918,14
DA:2919,14
DA:2920,14
DA:2921,14
DA:2922,14
DA:2923,14
DA:2924,14
DA:2925,14
DA:2926,14
DA:2927,14
DA:2928,14
DA:2929,14
DA:2930,14
DA:2931,14
DA:2932,14
DA:2933,14
DA:2934,14
DA:2935,14
DA:2936,14
DA:2937,14
DA:2938,14
DA:2939,14
DA:2940,14
DA:2941,14
DA:2942,14
DA:2943,14
DA:2944,14
DA:2945,14
DA:2946,14
DA:2947,14
DA:2948,14
DA:2949,14
DA:2950,14
DA:2951,14
DA:2952,14
DA:2953,14
DA:2954,14
DA:2955,14
DA:2956,14
DA:2957,14
DA:2958,14
DA:2959,14
DA:2960,14
DA:2961,14
DA:2962,14
DA:2963,14
DA:2964,14
DA:2965,14
DA:2966,14
DA:2967,14
DA:2968,14
DA:2969,14
DA:2970,14
DA:2971,14
DA:2972,14
DA:2973,14
DA:2974,14
DA:2975,14
DA:2976,14
DA:2977,14
DA:2978,14
DA:2979,14
DA:2980,14
DA:2981,14
DA:2982,14
DA:2983,14
DA:2984,14
DA:2985,14
DA:2986,14
DA:2987,14
DA:2988,14
DA:2989,14
DA:2990,14
DA:2991,14
DA:2992,14
DA:2993,14
DA:2994,14
DA:2995,14
DA:2996,14
DA:2997,14
DA:2998,14
DA:2999,14
DA:3000,14
DA:3001,14
DA:3002,14
DA:3003,14
DA:3004,14
DA:3005,14
DA:3006,14
DA:3007,14
DA:3008,14
DA:3009,14
DA:3010,14
DA:3011,14
DA:3012,14
DA:3013,14
DA:3014,14
DA:3015,14
DA:3016,14
DA:3017,14
DA:3018,14
DA:3019,14
DA:3020,14
DA:3021,14
DA:3022,14
DA:3023,14
DA:3024,14
DA:3025,14
DA:3026,14
DA:3027,14
DA:3028,14
DA:3029,14
DA:3030,14
DA:3031,14
DA:3032,14
DA:3033,14
DA:3034,14
DA:3035,14
DA:3036,14
DA:3037,14
DA:3038,14
DA:3039,14
DA:3040,14
DA:3041,14
DA:3042,14
DA:3043,14
DA:3044,14
DA:3045,14
DA:3046,14
DA:3047,14
DA:3048,14
DA:3049,14
DA:3050,14
DA:3051,14
DA:3052,14
DA:3053,14
DA:3054,14
DA:3055,14
DA:3056,14
DA:3057,14
DA:3058,14
DA:3059,14
DA:3060,14
DA:3061,14
DA:3062,14
DA:3063,14
DA:3064,14
DA:3065,14
DA:3066,14
DA:3067,14
DA:3068,14
DA:3069,14
DA:3070,14
DA:3071,14
DA:3072,14
DA:3073,14
DA:3074,14
DA:3075,14
DA:3076,14
DA:3077,14
DA:3078,14
DA:3079,14
DA:3080,14
DA:3081,14
DA:3082,14
DA:3083,14
DA:3084,14
DA:3085,14
DA:3086,14
DA:3087,14
DA:3088,14
DA:3089,14
DA:3090,14
DA:3091,14
DA:3092,14
DA:3093,14
DA:3094,14
DA:3095,14
DA:3096,14
DA:3097,14
DA:3098,14
DA:3099,14
DA:3100,14
DA:3101,14
DA:3102,14
DA:3103,14
DA:3104,14
DA:3105,14
DA:3106,14
DA:3107,14
DA:3108,14
DA:3109,14
DA:3110,14
DA:3111,14
DA:3112,14
DA:3113,14
DA:3114,14
DA:3115,14
DA:3116,14
DA:3117,14
DA:3118,14
DA:3119,14
DA:3120,14
DA:3121,14
DA:3122,14
DA:3123,14
DA:3124,14
DA:3125,14
DA:3126,14
DA:3127,14
DA:3128,14
DA:3129,14
DA:3130,14
DA:3131,14
DA:3132,14
DA:3133,14
DA:3134,14
DA:3135,14
DA:3136,14
DA:3137,14
DA:3138,14
DA:3139,14
DA:3140,14
DA:3141,14
DA:3142,14
DA:3143,14
DA:3144,14
DA:3145,14
DA:3146,14
DA:3147,14
DA:3148,14
DA:3149,14
DA:3150,14
DA:3151,14
DA:3152,14
DA:3153,14
DA:3154,14
DA:3155,14
DA:3156,14
DA:3157,14
DA:3158,14
DA:3159,14
DA:3160,14
DA:3161,14
DA:3162,14
DA:3163,14
DA:3164,14
DA:3165,14
DA:3166,14
DA:3167,14
DA:3168,14
DA:3169,14
DA:3170,14
DA:3171,14
DA:3172,14
DA:3173,14
DA:3174,14
DA:3175,14
DA:3176,14
DA:3177,14
DA:3178,14
DA:3179,14
DA:3180,14
DA:3181,14
DA:3182,14
DA:3183,14
DA:3184,14
DA:3185,14
DA:3186,14
DA:3187,14
DA:3188,14
DA:3189,14
DA:3190,14
DA:3191,14
DA:3192,14
DA:3193,14
DA:3194,14
DA:3195,14
DA:3196,14
DA:3197,14
DA:3198,14
DA:3199,14
DA:3200,14
DA:3201,14
DA:3202,14
DA:3203,14
DA:3204,14
DA:3205,14
DA:3206,14
DA:3207,14
DA:3208,14
DA:3209,14
DA:3210,14
DA:3211,14
DA:3212,14
DA:3213,14
DA:3214,14
DA:3215,14
DA:3216,14
DA:3217,14
DA:3218,14
DA:3219,14
DA:3220,14
DA:3221,14
DA:3222,14
DA:3223,14
DA:3224,14
DA:3225,14
DA:3226,14
DA:3227,14
DA:3228,14
DA:3229,14
DA:3230,14
DA:3231,14
DA:3232,14
DA:3233,14
DA:3234,14
DA:3235,14
DA:3236,14
DA:3237,14
DA:3238,14
DA:3239,14
DA:3240,14
DA:3241,14
DA:3242,14
DA:3243,14
DA:3244,14
DA:3245,14
DA:3246,14
DA:3247,14
DA:3248,14
DA:3249,14
DA:3250,14
DA:3251,14
DA:3252,14
DA:3253,14
DA:3254,14
DA:3255,14
DA:3256,14
DA:3257,14
DA:3258,14
DA:3259,14
DA:3260,14
DA:3261,14
DA:3262,14
DA:3263,14
DA:3264,14
DA:3265,14
DA:3266,14
DA:3267,14
DA:3268,14
DA:3269,14
DA:3270,14
DA:3271,14
DA:3272,14
DA:3273,14
DA:3274,14
DA:3275,14
DA:3276,14
DA:3277,14
DA:3278,14
DA:3279,14
DA:3280,14
DA:3281,14
DA:3282,14
DA:3283,14
DA:3284,14
DA:3285,14
DA:3286,14
DA:3287,14
DA:3288,14
DA:3289,14
DA:3290,14
DA:3291,14
DA:3292,14
DA:3293,14
DA:3294,14
DA:3295,14
DA:3296,14
DA:3297,14
DA:3298,14
DA:3299,14
DA:3300,14
DA:3301,14
DA:3302,14
DA:3303,14
DA:3304,14
DA:3305,14
DA:3306,14
DA:3307,14
DA:3308,14
DA:3309,14
DA:3310,14
DA:3311,14
DA:3312,14
DA:3313,14
DA:3314,14
DA:3315,14
DA:3316,14
DA:3317,14
DA:3318,14
DA:3319,14
DA:3320,14
DA:3321,14
DA:3322,14
DA:3323,14
DA:3324,14
DA:3325,14
DA:3326,14
DA:3327,14
DA:3328,14
DA:3329,14
DA:3330,14
DA:3331,14
DA:3332,14
DA:3333,14
DA:3334,14
DA:3335,14
DA:3336,14
DA:3337,14
DA:3338,14
DA:3339,14
DA:3340,14
DA:3341,14
DA:3342,14
DA:3343,14
DA:3344,14
DA:3345,14
DA:3346,14
DA:3347,14
DA:3348,14
DA:3349,14
DA:3350,14
DA:3351,14
DA:3352,14
DA:3353,14
DA:3354,14
DA:3355,14
DA:3356,14
DA:3357,14
DA:3358,14
DA:3359,14
DA:3360,14
DA:3361,14
DA:3362,14
DA:3363,14
DA:3364,14
DA:3365,14
DA:3366,14
DA:3367,14
DA:3368,14
DA:3369,14
DA:3370,14
DA:3371,14
DA:3372,14
DA:3373,14
DA:3374,14
DA:3375,14
DA:3376,14
DA:3377,14
DA:3378,14
DA:3379,14
DA:3380,14
DA:3381,14
DA:3382,14
DA:3383,14
DA:3384,14
DA:3385,14
DA:3386,14
DA:3387,14
DA:3388,14
DA:3389,14
DA:3390,14
DA:3391,14
DA:3392,14
DA:3393,14
DA:3394,14
DA:3395,14
DA:3396,14
DA:3397,14
DA:3398,14
DA:3399,14
DA:3400,14
DA:3401,14
DA:3402,14
DA:3403,14
DA:3404,14
DA:3405,14
DA:3406,14
DA:3407,14
DA:3408,14
DA:3409,14
DA:3410,14
DA:3411,14
DA:3412,14
DA:3413,14
DA:3414,14
DA:3415,14
DA:3416,14
DA:3417,14
DA:3418,14
DA:3419,14
DA:3420,14
DA:3421,14
DA:3422,14
DA:3423,14
DA:3424,14
DA:3425,14
DA:3426,14
DA:3427,14
DA:3428,14
DA:3429,14
DA:3430,14
DA:3431,14
DA:3432,14
DA:3433,14
DA:3434,14
DA:3435,14
DA:3436,14
DA:3437,14
DA:3438,14
DA:3439,14
DA:3440,14
DA:3441,14
DA:3442,14
DA:3443,14
DA:3444,14
DA:3445,14
DA:3446,14
DA:3447,14
DA:3448,14
DA:3449,14
DA:3450,14
DA:3451,14
DA:3452,14
DA:3453,14
DA:3454,14
DA:3455,14
DA:3456,14
DA:3457,14
DA:3458,14
DA:3459,14
DA:3460,14
DA:3461,14
DA:3462,14
DA:3463,14
DA:3464,14
DA:3465,14
DA:3466,14
DA:3467,14
DA:3468,14
DA:3469,14
DA:3470,14
DA:3471,14
DA:3472,14
DA:3473,14
DA:3474,14
DA:3475,14
DA:3476,14
DA:3477,14
DA:3478,14
DA:3479,14
DA:3480,14
DA:3481,14
DA:3482,14
DA:3483,14
DA:3484,14
DA:3485,14
DA:3486,14
DA:3487,14
DA:3488,14
DA:3489,14
DA:3490,14
DA:3491,14
DA:3492,14
DA:3493,14
DA:3494,14
DA:3495,14
DA:3496,14
DA:3497,14
DA:3498,14
DA:3499,14
DA:3500,14
DA:3501,14
DA:3502,14
DA:3503,14
DA:3504,14
DA:3505,14
DA:3506,14
DA:3507,14
DA:3508,14
DA:3509,14
DA:3510,14
DA:3511,14
DA:3512,14
DA:3513,14
DA:3514,14
DA:3515,14
DA:3516,14
DA:3517,14
DA:3518,14
DA:3519,14
DA:3520,14
DA:3521,14
DA:3522,14
DA:3523,14
DA:3524,14
DA:3525,14
DA:3526,14
DA:3527,14
DA:3528,14
DA:3529,14
DA:3530,14
DA:3531,14
DA:3532,14
DA:3533,14
DA:3534,14
DA:3535,14
DA:3536,14
DA:3537,14
DA:3538,14
DA:3539,14
DA:3540,14
DA:3541,14
DA:3542,14
DA:3543,14
DA:3544,14
DA:3545,14
DA:3546,14
DA:3547,14
DA:3548,14
DA:3549,14
DA:3550,14
DA:3551,14
DA:3552,14
DA:3553,14
DA:3554,14
DA:3555,14
DA:3556,14
DA:3557,14
DA:3558,14
DA:3559,14
DA:3560,14
DA:3561,14
DA:3562,14
DA:3563,14
DA:3564,14
DA:3565,14
DA:3566,14
DA:3567,14
DA:3568,14
DA:3569,14
DA:3570,14
DA:3571,14
DA:3572,14
DA:3573,14
DA:3574,14
DA:3575,14
DA:3576,14
DA:3577,14
DA:3578,14
DA:3579,14
DA:3580,14
DA:3581,14
DA:3582,14
DA:3583,14
DA:3584,14
DA:3585,14
DA:3586,14
DA:3587,14
DA:3588,14
DA:3589,14
DA:3590,14
DA:3591,14
DA:3592,14
DA:3593,14
DA:3594,14
DA:3595,14
DA:3596,14
DA:3597,14
DA:3598,14
DA:3599,14
DA:3600,14
DA:3601,14
DA:3602,14
DA:3603,14
DA:3604,14
DA:3605,14
DA:3606,14
DA:3607,14
DA:3608,14
DA:3609,14
DA:3610,14
DA:3611,14
DA:3612,14
DA:3613,14
DA:3614,14
DA:3615,14
DA:3616,14
DA:3617,14
DA:3618,14
DA:3619,14
DA:3620,14
DA:3621,14
DA:3622,14
DA:3623,14
DA:3624,14
DA:3625,14
DA:3626,14
DA:3627,14
DA:3628,14
DA:3629,14
DA:3630,14
DA:3631,14
DA:3632,14
DA:3633,14
DA:3634,14
DA:3635,14
DA:3636,14
DA:3637,14
DA:3638,14
DA:3639,14
DA:3640,14
DA:3641,14
DA:3642,14
DA:3643,14
DA:3644,14
DA:3645,14
DA:3646,14
DA:3647,14
DA:3648,14
DA:3649,14
DA:3650,14
DA:3651,14
DA:3652,14
DA:3653,14
DA:3654,14
DA:3655,14
DA:3656,14
DA:3657,14
DA:3658,14
DA:3659,14
DA:3660,14
DA:3661,14
DA:3662,14
DA:3663,14
DA:3664,14
DA:3665,14
DA:3666,14
DA:3667,14
DA:3668,14
DA:3669,14
DA:3670,14
DA:3671,14
DA:3672,14
DA:3673,14
DA:3674,14
DA:3675,14
DA:3676,14
DA:3677,14
DA:3678,14
DA:3679,14
DA:3680,14
DA:3681,14
DA:3682,14
DA:3683,14
DA:3684,14
DA:3685,14
DA:3686,14
DA:3687,14
DA:3688,14
DA:3689,14
DA:3690,14
DA:3691,14
DA:3692,14
DA:3693,14
DA:3694,14
DA:3695,14
DA:3696,14
DA:3697,14
DA:3698,14
DA:3699,14
DA:3700,14
DA:3701,14
DA:3702,14
DA:3703,14
DA:3704,14
DA:3705,14
DA:3706,14
DA:3707,14
DA:3708,14
DA:3709,14
DA:3710,14
DA:3711,14
DA:3712,14
DA:3713,14
DA:3714,14
DA:3715,14
DA:3716,14
DA:3717,14
DA:3718,14
DA:3719,14
DA:3720,14
DA:3721,14
DA:3722,14
DA:3723,14
DA:3724,14
DA:3725,14
DA:3726,14
DA:3727,14
DA:3728,14
DA:3729,14
DA:3730,14
DA:3731,14
DA:3732,14
DA:3733,14
DA:3734,14
DA:3735,14
DA:3736,14
DA:3737,14
DA:3738,14
DA:3739,14
DA:3740,14
DA:3741,14
DA:3742,14
DA:3743,14
DA:3744,14
DA:3745,14
DA:3746,14
DA:3747,14
DA:3748,14
DA:3749,14
DA:3750,14
DA:3751,14
DA:3752,14
DA:3753,14
DA:3754,14
DA:3755,14
DA:3756,14
DA:3757,14
DA:3758,14
DA:3759,14
DA:3760,14
DA:3761,14
DA:3762,14
DA:3763,14
DA:3764,14
DA:3765,14
DA:3766,14
DA:3767,14
DA:3768,14
DA:3769,14
DA:3770,14
DA:3771,14
DA:3772,14
DA:3773,14
DA:3774,14
DA:3775,14
DA:3776,14
DA:3777,14
DA:3778,14
DA:3779,14
DA:3780,14
DA:3781,14
DA:3782,14
DA:3783,14
DA:3784,14
DA:3785,14
DA:3786,14
DA:3787,14
DA:3788,14
DA:3789,14
DA:3790,14
DA:3791,14
DA:3792,14
DA:3793,14
DA:3794,14
DA:3795,14
DA:3796,14
DA:3797,14
DA:3798,14
DA:3799,14
DA:3800,14
DA:3801,14
DA:3802,14
DA:3803,14
DA:3804,14
DA:3805,14
DA:3806,14
DA:3807,14
DA:3808,14
DA:3809,14
DA:3810,14
DA:3811,14
DA:3812,14
DA:3813,14
DA:3814,14
DA:3815,14
DA:3816,14
DA:3817,14
DA:3818,14
DA:3819,14
DA:3820,14
DA:3821,14
DA:3822,14
DA:3823,14
DA:3824,14
DA:3825,14
DA:3826,14
DA:3827,14
DA:3828,14
DA:3829,14
DA:3830,14
DA:3831,14
DA:3832,14
DA:3833,14
DA:3834,14
DA:3835,14
DA:3836,14
DA:3837,14
DA:3838,14
DA:3839,14
DA:3840,14
DA:3841,14
DA:3842,14
DA:3843,14
DA:3844,14
DA:3845,14
DA:3846,14
DA:3847,14
DA:3848,14
DA:3849,14
DA:3850,14
DA:3851,14
DA:3852,14
DA:3853,14
DA:3854,14
DA:3855,14
DA:3856,14
DA:3857,14
DA:3858,14
DA:3859,14
DA:3860,14
DA:3861,14
DA:3862,14
DA:3863,14
DA:3864,14
DA:3865,14
DA:3866,14
DA:3867,14
DA:3868,14
DA:3869,14
DA:3870,14
DA:3871,14
DA:3872,14
DA:3873,14
DA:3874,14
DA:3875,14
DA:3876,14
DA:3877,14
DA:3878,14
DA:3879,14
DA:3880,14
DA:3881,14
DA:3882,14
DA:3883,14
DA:3884,14
DA:3885,14
DA:3886,14
DA:3887,14
DA:3888,14
DA:3889,14
DA:3890,14
DA:3891,14
DA:3892,14
DA:3893,14
DA:3894,14
DA:3895,14
DA:3896,14
DA:3897,14
DA:3898,14
DA:3899,14
DA:3900,14
DA:3901,14
DA:3902,14
DA:3903,14
DA:3904,14
DA:3905,14
DA:3906,14
DA:3907,14
DA:3908,14
DA:3909,14
DA:3910,14
DA:3911,14
DA:3912,14
DA:3913,14
DA:3914,14
DA:3915,14
DA:3916,14
DA:3917,14
DA:3918,14
DA:3919,14
DA:3920,14
DA:3921,14
DA:3922,14
DA:3923,14
DA:3924,14
DA:3925,14
DA:3926,14
DA:3927,14
DA:3928,14
DA:3929,14
DA:3930,14
DA:3931,14
DA:3932,14
DA:3933,14
DA:3934,14
DA:3935,14
DA:3936,14
DA:3937,14
DA:3938,14
DA:3939,14
DA:3940,14
DA:3941,14
DA:3942,14
DA:3943,14
DA:3944,14
DA:3945,14
DA:3946,14
DA:3947,14
DA:3948,14
DA:3949,14
DA:3950,14
DA:3951,14
DA:3952,14
DA:3953,14
DA:3954,14
DA:3955,14
DA:3956,14
DA:3957,14
DA:3958,14
DA:3959,14
DA:3960,14
DA:3961,14
DA:3962,14
DA:3963,14
DA:3964,14
DA:3965,14
DA:3966,14
DA:3967,14
DA:3968,14
DA:3969,14
DA:3970,14
DA:3971,14
DA:3972,14
DA:3973,14
DA:3974,14
DA:3975,14
DA:3976,14
DA:3977,14
DA:3978,14
DA:3979,14
DA:3980,14
DA:3981,14
DA:3982,14
DA:3983,14
DA:3984,14
DA:3985,14
DA:3986,14
DA:3987,14
DA:3988,14
DA:3989,14
DA:3990,14
DA:3991,14
DA:3992,14
DA:3993,14
DA:3994,14
DA:3995,14
DA:3996,14
DA:3997,14
DA:3998,14
DA:3999,14
DA:4000,14
DA:4001,14
DA:4002,14
DA:4003,14
DA:4004,14
DA:4005,14
DA:4006,14
DA:4007,14
DA:4008,14
DA:4009,14
DA:4010,14
DA:4011,14
DA:4012,14
DA:4013,14
DA:4014,14
DA:4015,14
DA:4016,14
DA:4017,14
DA:4018,14
DA:4019,14
DA:4020,14
DA:4021,14
DA:4022,14
DA:4023,14
DA:4024,14
DA:4025,14
DA:4026,14
DA:4027,14
DA:4028,14
DA:4029,14
DA:4030,14
DA:4031,14
DA:4032,14
DA:4033,14
DA:4034,14
DA:4035,14
DA:4036,14
DA:4037,14
DA:4038,14
DA:4039,14
DA:4040,14
DA:4041,14
DA:4042,14
DA:4043,14
DA:4044,14
DA:4045,14
DA:4046,14
DA:4047,14
DA:4048,14
DA:4049,14
DA:4050,14
DA:4051,14
DA:4052,14
DA:4053,14
DA:4054,14
DA:4055,14
DA:4056,14
DA:4057,14
DA:4058,14
DA:4059,14
DA:4060,14
DA:4061,14
DA:4062,14
DA:4063,14
DA:4064,14
DA:4065,14
DA:4066,14
DA:4067,14
DA:4068,14
DA:4069,14
DA:4070,14
DA:4071,14
DA:4072,14
DA:4073,14
DA:4074,14
DA:4075,14
DA:4076,14
DA:4077,14
DA:4078,14
DA:4079,14
DA:4080,14
DA:4081,14
DA:4082,14
DA:4083,14
DA:4084,14
DA:4085,14
DA:4086,14
DA:4087,14
DA:4088,14
DA:4089,14
DA:4090,14
DA:4091,14
DA:4092,14
DA:4093,14
DA:4094,14
DA:4095,14
DA:4096,14
DA:4097,14
DA:4098,14
DA:4099,14
DA:4100,14
DA:4101,14
DA:4102,14
DA:4103,14
DA:4104,14
DA:4105,14
DA:4106,14
DA:4107,14
DA:4108,14
DA:4109,14
DA:4110,14
DA:4111,14
DA:4112,14
DA:4113,14
DA:4114,14
DA:4115,14
DA:4116,14
DA:4117,14
DA:4118,14
DA:4119,14
DA:4120,14
DA:4121,14
DA:4122,14
DA:4123,14
DA:4124,14
DA:4125,14
DA:4126,14
DA:4127,14
DA:4128,14
DA:4129,14
DA:4130,14
DA:4131,14
DA:4132,14
DA:4133,14
DA:4134,14
DA:4135,14
DA:4136,14
DA:4137,14
DA:4138,14
DA:4139,14
DA:4140,14
DA:4141,14
DA:4142,14
DA:4143,14
DA:4144,14
DA:4145,14
DA:4146,14
DA:4147,14
DA:4148,14
DA:4149,14
DA:4150,14
DA:4151,14
DA:4152,14
DA:4153,14
DA:4154,14
DA:4155,14
DA:4156,14
DA:4157,14
DA:4158,14
DA:4159,14
DA:4160,14
DA:4161,14
DA:4162,14
DA:4163,14
DA:4164,14
DA:4165,14
DA:4166,14
DA:4167,14
DA:4168,14
DA:4169,14
DA:4170,14
DA:4171,14
DA:4172,14
DA:4173,14
DA:4174,14
DA:4175,14
DA:4176,14
DA:4177,14
DA:4178,14
DA:4179,14
DA:4180,14
DA:4181,14
DA:4182,14
DA:4183,14
DA:4184,14
DA:4185,14
DA:4186,14
DA:4187,14
DA:4188,14
DA:4189,14
DA:4190,14
DA:4191,14
DA:4192,14
DA:4193,14
DA:4194,14
DA:4195,14
DA:4196,14
DA:4197,14
DA:4198,14
DA:4199,14
DA:4200,14
DA:4201,14
DA:4202,14
DA:4203,14
DA:4204,14
DA:4205,14
DA:4206,14
DA:4207,14
DA:4208,14
DA:4209,14
DA:4210,14
DA:4211,14
DA:4212,14
DA:4213,14
DA:4214,14
DA:4215,14
DA:4216,14
DA:4217,14
DA:4218,14
DA:4219,14
DA:4220,14
DA:4221,14
DA:4222,14
DA:4223,14
DA:4224,14
DA:4225,14
DA:4226,14
DA:4227,14
DA:4228,14
DA:4229,14
DA:4230,14
DA:4231,14
DA:4232,14
DA:4233,14
DA:4234,14
DA:4235,14
DA:4236,14
DA:4237,14
DA:4238,14
DA:4239,14
DA:4240,14
DA:4241,14
DA:4242,14
DA:4243,14
DA:4244,14
DA:4245,14
DA:4246,14
DA:4247,14
DA:4248,14
DA:4249,14
DA:4250,14
DA:4251,14
DA:4252,14
DA:4253,14
DA:4254,14
DA:4255,14
DA:4256,14
DA:4257,14
DA:4258,14
DA:4259,14
DA:4260,14
DA:4261,14
DA:4262,14
DA:4263,14
DA:4264,14
DA:4265,14
DA:4266,14
DA:4267,14
DA:4268,14
DA:4269,14
DA:4270,14
DA:4271,14
DA:4272,14
DA:4273,14
DA:4274,14
DA:4275,14
DA:4276,14
DA:4277,14
DA:4278,14
DA:4279,14
DA:4280,14
DA:4281,14
DA:4282,14
DA:4283,14
DA:4284,14
DA:4285,14
DA:4286,14
DA:4287,14
DA:4288,14
DA:4289,14
DA:4290,14
DA:4291,14
DA:4292,14
DA:4293,14
DA:4294,14
DA:4295,14
DA:4296,14
DA:4297,14
DA:4298,14
DA:4299,14
DA:4300,14
DA:4301,14
DA:4302,14
DA:4303,14
DA:4304,14
DA:4305,14
DA:4306,14
DA:4307,14
DA:4308,14
DA:4309,14
DA:4310,14
DA:4311,14
DA:4312,14
DA:4313,14
DA:4314,14
DA:4315,14
DA:4316,14
DA:4317,14
DA:4318,14
DA:4319,14
DA:4320,14
DA:4321,14
DA:4322,14
DA:4323,14
DA:4324,14
DA:4325,14
DA:4326,14
DA:4327,14
DA:4328,14
DA:4329,14
DA:4330,14
DA:4331,14
DA:4332,14
DA:4333,14
DA:4334,14
DA:4335,14
DA:4336,14
DA:4337,14
DA:4338,14
DA:4339,14
DA:4340,14
DA:4341,14
DA:4342,14
DA:4343,14
DA:4344,14
DA:4345,14
DA:4346,14
DA:4347,14
DA:4348,14
DA:4349,14
DA:4350,14
DA:4351,14
DA:4352,14
DA:4353,14
DA:4354,14
DA:4355,14
DA:4356,14
DA:4357,14
DA:4358,14
DA:4359,14
DA:4360,14
DA:4361,14
DA:4362,14
DA:4363,14
DA:4364,14
DA:4365,14
DA:4366,14
DA:4367,14
DA:4368,14
DA:4369,14
DA:4370,14
DA:4371,14
DA:4372,14
DA:4373,14
DA:4374,14
DA:4375,14
DA:4376,14
DA:4377,14
DA:4378,14
DA:4379,14
DA:4380,14
DA:4381,14
DA:4382,14
DA:4383,14
DA:4384,14
DA:4385,14
DA:4386,14
DA:4387,14
DA:4388,14
DA:4389,14
DA:4390,14
DA:4391,14
DA:4392,14
DA:4393,14
DA:4394,14
DA:4395,14
DA:4396,14
DA:4397,14
DA:4398,14
DA:4399,14
DA:4400,14
DA:4401,14
DA:4402,14
DA:4403,14
DA:4404,14
DA:4405,14
DA:4406,14
DA:4407,14
DA:4408,14
DA:4409,14
DA:4410,14
DA:4411,14
DA:4412,14
DA:4413,14
DA:4414,14
DA:4415,14
DA:4416,14
DA:4417,14
DA:4418,14
DA:4419,14
DA:4420,14
DA:4421,14
DA:4422,14
DA:4423,14
DA:4424,14
DA:4425,14
DA:4426,14
DA:4427,14
DA:4428,14
DA:4429,14
DA:4430,14
DA:4431,14
DA:4432,14
DA:4433,14
DA:4434,14
DA:4435,14
DA:4436,14
DA:4437,14
DA:4438,14
DA:4439,14
DA:4440,14
DA:4441,14
DA:4442,14
DA:4443,14
DA:4444,14
DA:4445,14
DA:4446,14
DA:4447,14
DA:4448,14
DA:4449,14
DA:4450,14
DA:4451,14
DA:4452,14
DA:4453,14
DA:4454,14
DA:4455,14
DA:4456,14
DA:4457,14
DA:4458,14
DA:4459,14
DA:4460,14
DA:4461,14
DA:4462,14
DA:4463,14
DA:4464,14
DA:4465,14
DA:4466,14
DA:4467,14
DA:4468,14
DA:4469,14
DA:4470,14
DA:4471,14
DA:4472,14
DA:4473,14
DA:4474,14
DA:4475,14
DA:4476,14
DA:4477,14
DA:4478,14
DA:4479,14
DA:4480,14
DA:4481,14
DA:4482,14
DA:4483,14
DA:4484,14
DA:4485,14
DA:4486,14
DA:4487,14
DA:4488,14
DA:4489,14
DA:4490,14
DA:4491,14
DA:4492,14
DA:4493,14
DA:4494,14
DA:4495,14
DA:4496,14
DA:4497,14
DA:4498,14
DA:4499,14
DA:4500,14
DA:4501,14
DA:4502,14
DA:4503,14
DA:4504,14
DA:4505,14
DA:4506,14
DA:4507,14
DA:4508,14
DA:4509,14
DA:4510,14
DA:4511,14
DA:4512,14
DA:4513,14
DA:4514,14
DA:4515,14
DA:4516,14
DA:4517,14
DA:4518,14
DA:4519,14
DA:4520,14
DA:4521,14
DA:4522,14
DA:4523,14
DA:4524,14
DA:4525,14
DA:4526,14
DA:4527,14
DA:4528,14
DA:4529,14
DA:4530,14
DA:4531,14
DA:4532,14
DA:4533,14
DA:4534,14
DA:4535,14
DA:4536,14
DA:4537,14
DA:4538,14
DA:4539,14
DA:4540,14
DA:4541,14
DA:4542,14
DA:4543,14
DA:4544,14
DA:4545,14
DA:4546,14
DA:4547,14
DA:4548,14
DA:4549,14
DA:4550,14
DA:4551,14
DA:4552,14
DA:4553,14
DA:4554,14
DA:4555,14
DA:4556,14
DA:4557,14
DA:4558,14
DA:4559,14
DA:4560,14
DA:4561,14
DA:4562,14
DA:4563,14
DA:4564,14
DA:4565,14
DA:4566,14
DA:4567,14
DA:4568,14
DA:4569,14
DA:4570,14
DA:4571,14
DA:4572,14
DA:4573,14
DA:4574,14
DA:4575,14
DA:4576,14
DA:4577,14
DA:4578,14
DA:4579,14
DA:4580,14
DA:4581,14
DA:4582,14
DA:4583,14
DA:4584,14
DA:4585,14
DA:4586,14
DA:4587,14
DA:4588,14
DA:4589,14
DA:4590,14
DA:4591,14
DA:4592,14
DA:4593,14
DA:4594,14
DA:4595,14
DA:4596,14
DA:4597,14
DA:4598,14
DA:4599,14
DA:4600,14
DA:4601,14
DA:4602,14
DA:4603,14
DA:4604,14
DA:4605,14
DA:4606,14
DA:4607,14
DA:4608,14
DA:4609,14
DA:4610,14
DA:4611,14
DA:4612,14
DA:4613,14
DA:4614,14
DA:4615,14
DA:4616,14
DA:4617,14
DA:4618,14
DA:4619,14
DA:4620,14
DA:4621,14
DA:4622,14
DA:4623,14
DA:4624,14
DA:4625,14
DA:4626,14
DA:4627,14
DA:4628,14
DA:4629,14
DA:4630,14
DA:4631,14
DA:4632,14
DA:4633,14
DA:4634,14
DA:4635,14
DA:4636,14
DA:4637,14
DA:4638,14
DA:4639,14
DA:4640,14
DA:4641,14
DA:4642,14
DA:4643,14
DA:4644,14
DA:4645,14
DA:4646,14
DA:4647,14
DA:4648,14
DA:4649,14
DA:4650,14
DA:4651,14
DA:4652,14
DA:4653,14
DA:4654,14
DA:4655,14
DA:4656,14
DA:4657,14
DA:4658,14
DA:4659,14
DA:4660,14
DA:4661,14
DA:4662,14
DA:4663,14
DA:4664,14
DA:4665,14
DA:4666,14
DA:4667,14
DA:4668,14
DA:4669,14
DA:4670,14
DA:4671,14
DA:4672,14
DA:4673,14
DA:4674,14
DA:4675,14
DA:4676,14
DA:4677,14
DA:4678,14
DA:4679,14
DA:4680,14
DA:4681,14
DA:4682,14
DA:4683,14
DA:4684,14
DA:4685,14
DA:4686,14
DA:4687,14
DA:4688,14
DA:4689,14
DA:4690,14
DA:4691,14
DA:4692,14
DA:4693,14
DA:4694,14
DA:4695,14
DA:4696,14
DA:4697,14
DA:4698,14
DA:4699,14
DA:4700,14
DA:4701,14
DA:4702,14
DA:4703,14
DA:4704,14
DA:4705,14
DA:4706,14
DA:4707,14
DA:4708,14
DA:4709,14
DA:4710,14
DA:4711,14
DA:4712,14
DA:4713,14
DA:4714,14
DA:4715,14
DA:4716,14
DA:4717,14
DA:4718,14
DA:4719,14
DA:4720,14
DA:4721,14
DA:4722,14
DA:4723,14
DA:4724,14
DA:4725,14
DA:4726,14
DA:4727,14
DA:4728,14
DA:4729,14
DA:4730,14
DA:4731,14
DA:4732,14
DA:4733,14
DA:4734,14
DA:4735,14
DA:4736,14
DA:4737,14
DA:4738,14
DA:4739,14
DA:4740,14
DA:4741,14
DA:4742,14
DA:4743,14
DA:4744,14
DA:4745,14
DA:4746,14
DA:4747,14
DA:4748,14
DA:4749,14
DA:4750,14
DA:4751,14
DA:4752,14
DA:4753,14
DA:4754,14
DA:4755,14
DA:4756,14
DA:4757,14
DA:4758,14
DA:4759,14
DA:4760,14
DA:4761,14
DA:4762,14
DA:4763,14
DA:4764,14
DA:4765,14
DA:4766,14
DA:4767,14
DA:4768,14
DA:4769,14
DA:4770,14
DA:4771,14
DA:4772,14
DA:4773,14
DA:4774,14
DA:4775,14
DA:4776,14
DA:4777,14
DA:4778,14
DA:4779,14
DA:4780,14
DA:4781,14
DA:4782,14
DA:4783,14
DA:4784,14
DA:4785,14
DA:4786,14
DA:4787,14
DA:4788,14
DA:4789,14
DA:4790,14
DA:4791,14
DA:4792,14
DA:4793,14
DA:4794,14
DA:4795,14
DA:4796,14
DA:4797,14
DA:4798,14
DA:4799,14
DA:4800,14
DA:4801,14
DA:4802,14
DA:4803,14
DA:4804,14
DA:4805,14
DA:4806,14
DA:4807,14
DA:4808,14
DA:4809,14
DA:4810,14
DA:4811,14
DA:4812,14
DA:4813,14
DA:4814,14
DA:4815,14
DA:4816,14
DA:4817,14
DA:4818,14
DA:4819,14
DA:4820,14
DA:4821,14
DA:4822,14
DA:4823,14
DA:4824,14
DA:4825,14
DA:4826,14
DA:4827,14
DA:4828,14
DA:4829,14
DA:4830,14
DA:4831,14
DA:4832,14
DA:4833,14
DA:4834,14
DA:4835,14
DA:4836,14
DA:4837,14
DA:4838,14
DA:4839,14
DA:4840,14
DA:4841,14
DA:4842,14
DA:4843,14
DA:4844,14
DA:4845,14
DA:4846,14
DA:4847,14
DA:4848,14
DA:4849,14
DA:4850,14
DA:4851,14
DA:4852,14
DA:4853,14
DA:4854,14
DA:4855,14
DA:4856,14
DA:4857,14
DA:4858,14
DA:4859,14
DA:4860,14
DA:4861,14
DA:4862,14
DA:4863,14
DA:4864,14
DA:4865,14
DA:4866,14
DA:4867,14
DA:4868,14
DA:4869,14
DA:4870,14
DA:4871,14
DA:4872,14
DA:4873,14
DA:4874,14
DA:4875,14
DA:4876,14
DA:4877,14
DA:4878,14
DA:4879,14
DA:4880,14
DA:4881,14
DA:4882,14
DA:4883,14
DA:4884,14
DA:4885,14
DA:4886,14
DA:4887,14
DA:4888,14
DA:4889,14
DA:4890,14
DA:4891,14
DA:4892,14
DA:4893,14
DA:4894,14
DA:4895,14
DA:4896,14
DA:4897,14
DA:4898,14
DA:4899,14
DA:4900,14
DA:4901,14
DA:4902,14
DA:4903,14
DA:4904,14
DA:4905,14
DA:4906,14
DA:4907,14
DA:4908,14
DA:4909,14
DA:4910,14
DA:4911,14
DA:4912,14
DA:4913,14
DA:4914,14
DA:4915,14
DA:4916,14
DA:4917,14
DA:4918,14
DA:4919,14
DA:4920,14
DA:4921,14
DA:4922,14
DA:4923,14
DA:4924,14
DA:4925,14
DA:4926,14
DA:4927,14
DA:4928,14
DA:4929,14
DA:4930,14
DA:4931,14
DA:4932,14
DA:4933,14
DA:4934,14
DA:4935,14
DA:4936,14
DA:4937,14
DA:4938,14
DA:4939,14
DA:4940,14
DA:4941,14
DA:4942,14
DA:4943,14
DA:4944,14
DA:4945,14
DA:4946,14
DA:4947,14
DA:4948,14
DA:4949,14
DA:4950,14
DA:4951,14
DA:4952,14
DA:4953,14
DA:4954,14
DA:4955,14
DA:4956,14
DA:4957,14
DA:4958,14
DA:4959,14
DA:4960,14
DA:4961,14
DA:4962,14
DA:4963,14
DA:4964,14
DA:4965,14
DA:4966,14
DA:4967,14
DA:4968,14
DA:4969,14
DA:4970,14
DA:4971,14
DA:4972,14
DA:4973,14
DA:4974,14
DA:4975,14
DA:4976,14
DA:4977,14
DA:4978,14
DA:4979,14
DA:4980,14
DA:4981,14
DA:4982,14
DA:4983,14
DA:4984,14
DA:4985,14
DA:4986,14
DA:4987,14
DA:4988,14
DA:4989,14
DA:4990,14
DA:4991,14
DA:4992,14
DA:4993,14
DA:4994,14
DA:4995,14
DA:4996,14
DA:4997,14
DA:4998,14
DA:4999,14
DA:5000,14
DA:5001,14
DA:5002,14
DA:5003,14
DA:5004,14
DA:5005,14
DA:5006,14
DA:5007,14
DA:5008,14
DA:5009,14
DA:5010,14
DA:5011,14
DA:5012,14
DA:5013,14
DA:5014,14
DA:5015,14
DA:5016,14
DA:5017,14
DA:5018,14
DA:5019,14
DA:5020,14
DA:5021,14
DA:5022,14
DA:5023,14
DA:5024,14
DA:5025,14
DA:5026,14
DA:5027,14
DA:5028,14
DA:5029,14
DA:5030,14
DA:5031,14
DA:5032,14
DA:5033,14
DA:5034,14
DA:5035,14
DA:5036,14
DA:5037,14
DA:5038,14
DA:5039,14
DA:5040,14
DA:5041,14
DA:5042,14
DA:5043,14
DA:5044,14
DA:5045,14
DA:5046,14
DA:5047,14
DA:5048,14
DA:5049,14
DA:5050,14
DA:5051,14
DA:5052,14
DA:5053,14
DA:5054,14
DA:5055,14
DA:5056,14
DA:5057,14
DA:5058,14
DA:5059,14
DA:5060,14
DA:5061,14
DA:5062,14
DA:5063,14
DA:5064,14
DA:5065,14
DA:5066,14
DA:5067,14
DA:5068,14
DA:5069,14
DA:5070,14
DA:5071,14
DA:5072,14
DA:5073,14
DA:5074,14
DA:5075,14
DA:5076,14
DA:5077,14
DA:5078,14
DA:5079,14
DA:5080,14
DA:5081,14
DA:5082,14
DA:5083,14
DA:5084,14
DA:5085,14
DA:5086,14
DA:5087,14
DA:5088,14
DA:5089,14
DA:5090,14
DA:5091,14
DA:5092,14
DA:5093,14
DA:5094,14
DA:5095,14
DA:5096,14
DA:5097,14
DA:5098,14
DA:5099,14
DA:5100,14
DA:5101,14
DA:5102,14
DA:5103,14
DA:5104,14
DA:5105,14
DA:5106,14
DA:5107,14
DA:5108,14
DA:5109,14
DA:5110,14
DA:5111,14
DA:5112,14
DA:5113,14
DA:5114,14
DA:5115,14
DA:5116,14
DA:5117,14
DA:5118,14
DA:5119,14
DA:5120,14
DA:5121,14
DA:5122,14
DA:5123,14
DA:5124,14
DA:5125,14
DA:5126,14
DA:5127,14
DA:5128,14
DA:5129,14
DA:5130,14
DA:5131,14
DA:5132,14
DA:5133,14
DA:5134,14
DA:5135,14
DA:5136,14
DA:5137,14
DA:5138,14
DA:5139,14
DA:5140,14
DA:5141,14
DA:5142,14
DA:5143,14
DA:5144,14
DA:5145,14
DA:5146,14
DA:5147,14
DA:5148,14
DA:5149,14
DA:5150,14
DA:5151,14
DA:5152,14
DA:5153,14
DA:5154,14
DA:5155,14
DA:5156,14
DA:5157,14
DA:5158,14
DA:5159,14
DA:5160,14
DA:5161,14
DA:5162,14
DA:5163,14
DA:5164,14
DA:5165,14
DA:5166,14
DA:5167,14
DA:5168,14
DA:5169,14
DA:5170,14
DA:5171,14
DA:5172,14
DA:5173,14
DA:5174,14
DA:5175,14
DA:5176,14
DA:5177,14
DA:5178,14
DA:5179,14
DA:5180,14
DA:5181,14
DA:5182,14
DA:5183,14
DA:5184,14
DA:5185,14
DA:5186,14
DA:5187,14
DA:5188,14
DA:5189,14
DA:5190,14
DA:5191,14
DA:5192,14
DA:5193,14
DA:5194,14
DA:5195,14
DA:5196,14
DA:5197,14
DA:5198,14
DA:5199,14
DA:5200,14
DA:5201,14
DA:5202,14
DA:5203,14
DA:5204,14
DA:5205,14
DA:5206,14
DA:5207,14
DA:5208,14
DA:5209,14
DA:5210,14
DA:5211,14
DA:5212,14
DA:5213,14
DA:5214,14
DA:5215,14
DA:5216,14
DA:5217,14
DA:5218,14
DA:5219,14
DA:5220,14
DA:5221,14
DA:5222,14
DA:5223,14
DA:5224,14
DA:5225,14
DA:5226,14
DA:5227,14
DA:5228,14
DA:5229,14
DA:5230,14
DA:5231,14
DA:5232,14
DA:5233,14
DA:5234,14
DA:5235,14
DA:5236,14
DA:5237,14
DA:5238,14
DA:5239,14
DA:5240,14
DA:5241,14
DA:5242,14
DA:5243,14
DA:5244,14
DA:5245,14
DA:5246,14
DA:5247,14
DA:5248,14
DA:5249,14
DA:5250,14
DA:5251,14
DA:5252,14
DA:5253,14
DA:5254,14
DA:5255,14
DA:5256,14
DA:5257,14
DA:5258,14
DA:5259,14
DA:5260,14
DA:5261,14
DA:5262,14
DA:5263,14
DA:5264,14
DA:5265,14
DA:5266,14
DA:5267,14
DA:5268,14
DA:5269,14
DA:5270,14
DA:5271,14
DA:5272,14
DA:5273,14
DA:5274,14
DA:5275,14
DA:5276,14
DA:5277,14
DA:5278,14
DA:5279,14
DA:5280,14
DA:5281,14
DA:5282,14
DA:5283,14
DA:5284,14
DA:5285,14
DA:5286,14
DA:5287,14
DA:5288,14
DA:5289,14
DA:5290,14
DA:5291,14
DA:5292,14
DA:5293,14
DA:5294,14
DA:5295,14
DA:5296,14
DA:5297,14
DA:5298,14
DA:5299,14
DA:5300,14
DA:5301,14
DA:5302,14
DA:5303,14
DA:5304,14
DA:5305,14
DA:5306,14
DA:5307,14
DA:5308,14
DA:5309,14
DA:5310,14
DA:5311,14
DA:5312,14
DA:5313,14
DA:5314,14
DA:5315,14
DA:5316,14
DA:5317,14
DA:5318,14
DA:5319,14
DA:5320,14
DA:5321,14
DA:5322,14
DA:5323,14
DA:5324,14
DA:5325,14
DA:5326,14
DA:5327,14
DA:5328,14
DA:5329,14
DA:5330,14
DA:5331,14
DA:5332,14
DA:5333,14
DA:5334,14
DA:5335,14
DA:5336,14
DA:5337,14
DA:5338,14
DA:5339,14
DA:5340,14
DA:5341,14
DA:5342,14
DA:5343,14
DA:5344,14
DA:5345,14
DA:5346,14
DA:5347,14
DA:5348,14
DA:5349,14
DA:5350,14
DA:5351,14
DA:5352,14
DA:5353,14
DA:5354,14
DA:5355,14
DA:5356,14
DA:5357,14
DA:5358,14
DA:5359,14
DA:5360,14
DA:5361,14
DA:5362,14
DA:5363,14
DA:5364,14
DA:5365,14
DA:5366,14
DA:5367,14
DA:5368,14
DA:5369,14
DA:5370,14
DA:5371,14
DA:5372,14
DA:5373,14
DA:5374,14
DA:5375,14
DA:5376,14
DA:5377,14
DA:5378,14
DA:5379,14
DA:5380,14
DA:5381,14
DA:5382,14
DA:5383,14
DA:5384,14
DA:5385,14
DA:5386,14
DA:5387,14
DA:5388,14
DA:5389,14
DA:5390,14
DA:5391,14
DA:5392,14
DA:5393,14
DA:5394,14
DA:5395,14
DA:5396,14
DA:5397,14
DA:5398,14
DA:5399,14
DA:5400,14
DA:5401,14
DA:5402,14
DA:5403,14
DA:5404,14
DA:5405,14
DA:5406,14
DA:5407,14
DA:5408,14
DA:5409,14
DA:5410,14
DA:5411,14
DA:5412,14
DA:5413,14
DA:5414,14
DA:5415,14
DA:5416,14
DA:5417,14
DA:5418,14
DA:5419,14
DA:5420,14
DA:5421,14
DA:5422,14
DA:5423,14
DA:5424,14
DA:5425,14
DA:5426,14
DA:5427,14
DA:5428,14
DA:5429,14
DA:5430,14
DA:5431,14
DA:5432,14
DA:5433,14
DA:5434,14
DA:5435,14
DA:5436,14
DA:5437,14
DA:5438,14
DA:5439,14
DA:5440,14
DA:5441,14
DA:5442,14
DA:5443,14
DA:5444,14
DA:5445,14
DA:5446,14
DA:5447,14
DA:5448,14
DA:5449,14
DA:5450,14
DA:5451,14
DA:5452,14
DA:5453,14
DA:5454,14
DA:5455,14
DA:5456,14
DA:5457,14
DA:5458,14
DA:5459,14
DA:5460,14
DA:5461,14
DA:5462,14
DA:5463,14
DA:5464,14
DA:5465,14
DA:5466,14
DA:5467,14
DA:5468,14
DA:5469,14
DA:5470,14
DA:5471,14
DA:5472,14
DA:5473,14
DA:5474,14
DA:5475,14
DA:5476,14
DA:5477,14
DA:5478,14
DA:5479,14
DA:5480,14
DA:5481,14
DA:5482,14
DA:5483,14
DA:5484,14
DA:5485,14
DA:5486,14
DA:5487,14
DA:5488,14
DA:5489,14
DA:5490,14
DA:5491,14
DA:5492,14
DA:5493,14
DA:5494,14
DA:5495,14
DA:5496,14
DA:5497,14
DA:5498,14
DA:5499,14
DA:5500,14
DA:5501,14
DA:5502,14
DA:5503,14
DA:5504,14
DA:5505,14
DA:5506,14
DA:5507,14
DA:5508,14
DA:5509,14
DA:5510,14
DA:5511,14
DA:5512,14
DA:5513,14
DA:5514,14
DA:5515,14
DA:5516,14
DA:5517,14
DA:5518,14
DA:5519,14
DA:5520,14
DA:5521,14
DA:5522,14
DA:5523,14
DA:5524,14
DA:5525,14
DA:5526,14
DA:5527,14
DA:5528,14
DA:5529,14
DA:5530,14
DA:5531,14
DA:5532,14
DA:5533,14
DA:5534,14
DA:5535,14
DA:5536,14
DA:5537,14
DA:5538,14
DA:5539,14
DA:5540,14
DA:5541,14
DA:5542,14
DA:5543,14
DA:5544,14
DA:5545,14
DA:5546,14
DA:5547,14
DA:5548,14
DA:5549,14
DA:5550,14
DA:5551,14
DA:5552,14
DA:5553,14
DA:5554,14
DA:5555,14
DA:5556,14
DA:5557,14
DA:5558,14
DA:5559,14
DA:5560,14
DA:5561,14
DA:5562,14
DA:5563,14
DA:5564,14
DA:5565,14
DA:5566,14
DA:5567,14
DA:5568,14
DA:5569,14
DA:5570,14
DA:5571,14
DA:5572,14
DA:5573,14
DA:5574,14
DA:5575,14
DA:5576,14
DA:5577,14
DA:5578,14
DA:5579,14
DA:5580,14
DA:5581,14
DA:5582,14
DA:5583,14
DA:5584,14
DA:5585,14
DA:5586,14
DA:5587,14
DA:5588,14
DA:5589,14
DA:5590,14
DA:5591,14
DA:5592,14
DA:5593,14
DA:5594,14
DA:5595,14
DA:5596,14
DA:5597,14
DA:5598,14
DA:5599,14
DA:5600,14
DA:5601,14
DA:5602,14
DA:5603,14
DA:5604,14
DA:5605,14
DA:5606,14
DA:5607,14
DA:5608,14
DA:5609,14
DA:5610,14
DA:5611,14
DA:5612,14
DA:5613,14
DA:5614,14
DA:5615,14
DA:5616,14
DA:5617,14
DA:5618,14
DA:5619,14
DA:5620,14
DA:5621,14
DA:5622,14
DA:5623,14
DA:5624,14
DA:5625,14
DA:5626,14
DA:5627,14
DA:5628,14
DA:5629,14
DA:5630,14
DA:5631,14
DA:5632,14
DA:5633,14
DA:5634,14
DA:5635,14
DA:5636,14
DA:5637,14
DA:5638,14
DA:5639,14
DA:5640,14
DA:5641,14
DA:5642,14
DA:5643,14
DA:5644,14
DA:5645,14
DA:5646,14
DA:5647,14
DA:5648,14
DA:5649,14
DA:5650,14
DA:5651,14
DA:5652,14
DA:5653,14
DA:5654,14
DA:5655,14
DA:5656,14
DA:5657,14
DA:5658,14
DA:5659,14
DA:5660,14
DA:5661,14
DA:5662,14
DA:5663,14
DA:5664,14
DA:5665,14
DA:5666,14
DA:5667,14
DA:5668,14
DA:5669,14
DA:5670,14
DA:5671,14
DA:5672,14
DA:5673,14
DA:5674,14
DA:5675,14
DA:5676,14
DA:5677,14
DA:5678,14
DA:5679,14
DA:5680,14
DA:5681,14
DA:5682,14
DA:5683,14
DA:5684,14
DA:5685,14
DA:5686,14
DA:5687,14
DA:5688,14
DA:5689,14
DA:5690,14
DA:5691,14
DA:5692,14
DA:5693,14
DA:5694,14
DA:5695,14
DA:5696,14
DA:5697,14
DA:5698,14
DA:5699,14
DA:5700,14
DA:5701,14
DA:5702,14
DA:5703,14
DA:5704,14
DA:5705,14
DA:5706,14
DA:5707,14
DA:5708,14
DA:5709,14
DA:5710,14
DA:5711,14
DA:5712,14
DA:5713,14
DA:5714,14
DA:5715,14
DA:5716,14
DA:5717,14
DA:5718,14
DA:5719,14
DA:5720,14
DA:5721,14
DA:5722,14
DA:5723,14
DA:5724,14
DA:5725,14
DA:5726,14
DA:5727,14
DA:5728,14
DA:5729,14
DA:5730,14
DA:5731,14
DA:5732,14
DA:5733,14
DA:5734,14
DA:5735,14
DA:5736,14
DA:5737,14
DA:5738,14
DA:5739,14
DA:5740,14
DA:5741,14
DA:5742,14
DA:5743,14
DA:5744,14
DA:5745,14
DA:5746,14
DA:5747,14
DA:5748,14
DA:5749,14
DA:5750,14
DA:5751,14
DA:5752,14
DA:5753,14
DA:5754,14
DA:5755,14
DA:5756,14
DA:5757,14
DA:5758,14
DA:5759,14
DA:5760,14
DA:5761,14
DA:5762,14
DA:5763,14
DA:5764,14
DA:5765,14
DA:5766,14
DA:5767,14
DA:5768,14
DA:5769,14
DA:5770,14
DA:5771,14
DA:5772,14
DA:5773,14
DA:5774,14
DA:5775,14
DA:5776,14
DA:5777,14
DA:5778,14
DA:5779,14
DA:5780,14
DA:5781,14
DA:5782,14
DA:5783,14
DA:5784,14
DA:5785,14
DA:5786,14
DA:5787,14
DA:5788,14
DA:5789,14
DA:5790,14
DA:5791,14
DA:5792,14
DA:5793,14
DA:5794,14
DA:5795,14
DA:5796,14
DA:5797,14
DA:5798,14
DA:5799,14
DA:5800,14
DA:5801,14
DA:5802,14
DA:5803,14
DA:5804,14
DA:5805,14
DA:5806,14
DA:5807,14
DA:5808,14
DA:5809,14
DA:5810,14
DA:5811,14
DA:5812,14
DA:5813,14
DA:5814,14
DA:5815,14
DA:5816,14
DA:5817,14
DA:5818,14
DA:5819,14
DA:5820,14
DA:5821,14
DA:5822,14
DA:5823,14
DA:5824,14
DA:5825,14
DA:5826,14
DA:5827,14
DA:5828,14
DA:5829,14
DA:5830,14
DA:5831,14
DA:5832,14
DA:5833,14
DA:5834,14
DA:5835,14
DA:5836,14
DA:5837,14
DA:5838,14
DA:5839,14
DA:5840,14
DA:5841,14
DA:5842,14
DA:5843,14
DA:5844,14
DA:5845,14
DA:5846,14
DA:5847,14
DA:5848,14
DA:5849,14
DA:5850,14
DA:5851,14
DA:5852,14
DA:5853,14
DA:5854,14
DA:5855,14
DA:5856,14
DA:5857,14
DA:5858,14
DA:5859,14
DA:5860,14
DA:5861,14
DA:5862,14
DA:5863,14
DA:5864,14
DA:5865,14
DA:5866,14
DA:5867,14
DA:5868,14
DA:5869,14
DA:5870,14
DA:5871,14
DA:5872,14
DA:5873,14
DA:5874,14
DA:5875,14
DA:5876,14
DA:5877,14
DA:5878,14
DA:5879,14
DA:5880,14
DA:5881,14
DA:5882,14
DA:5883,14
DA:5884,14
DA:5885,14
DA:5886,14
DA:5887,14
DA:5888,14
DA:5889,14
DA:5890,14
DA:5891,14
DA:5892,14
DA:5893,14
DA:5894,14
DA:5895,14
DA:5896,14
DA:5897,14
DA:5898,14
DA:5899,14
DA:5900,14
DA:5901,14
DA:5902,14
DA:5903,14
DA:5904,14
DA:5905,14
DA:5906,14
DA:5907,14
DA:5908,14
DA:5909,14
DA:5910,14
DA:5911,14
DA:5912,14
DA:5913,14
DA:5914,14
DA:5915,14
DA:5916,14
DA:5917,14
DA:5918,14
DA:5919,14
DA:5920,14
DA:5921,14
DA:5922,14
DA:5923,14
DA:5924,14
DA:5925,14
DA:5926,14
DA:5927,14
DA:5928,14
DA:5929,14
DA:5930,14
DA:5931,14
DA:5932,14
DA:5933,14
DA:5934,14
DA:5935,14
DA:5936,14
DA:5937,14
DA:5938,14
DA:5939,14
DA:5940,14
DA:5941,14
DA:5942,14
DA:5943,14
DA:5944,14
DA:5945,14
DA:5946,14
DA:5947,14
DA:5948,14
DA:5949,14
DA:5950,14
DA:5951,14
DA:5952,14
DA:5953,14
DA:5954,14
DA:5955,14
DA:5956,14
DA:5957,14
DA:5958,14
DA:5959,14
DA:5960,14
DA:5961,14
DA:5962,14
DA:5963,14
DA:5964,14
DA:5965,14
DA:5966,14
DA:5967,14
DA:5968,14
DA:5969,14
DA:5970,14
DA:5971,14
DA:5972,14
DA:5973,14
DA:5974,14
DA:5975,14
DA:5976,14
DA:5977,14
DA:5978,14
DA:5979,14
DA:5980,14
DA:5981,14
DA:5982,14
DA:5983,14
DA:5984,14
DA:5985,14
DA:5986,14
DA:5987,14
DA:5988,14
DA:5989,14
DA:5990,14
DA:5991,14
DA:5992,14
DA:5993,14
DA:5994,14
DA:5995,14
DA:5996,14
DA:5997,14
DA:5998,14
DA:5999,14
DA:6000,14
DA:6001,14
DA:6002,14
DA:6003,14
DA:6004,14
DA:6005,14
DA:6006,14
DA:6007,14
DA:6008,14
DA:6009,14
DA:6010,14
DA:6011,14
DA:6012,14
DA:6013,14
DA:6014,14
DA:6015,14
DA:6016,14
DA:6017,14
DA:6018,14
DA:6019,14
DA:6020,14
DA:6021,14
DA:6022,14
DA:6023,14
DA:6024,14
DA:6025,14
DA:6026,14
DA:6027,14
DA:6028,14
DA:6029,14
DA:6030,14
DA:6031,14
DA:6032,14
DA:6033,14
DA:6034,14
DA:6035,14
DA:6036,14
DA:6037,14
DA:6038,14
DA:6039,14
DA:6040,14
DA:6041,14
DA:6042,14
DA:6043,14
DA:6044,14
DA:6045,14
DA:6046,14
DA:6047,14
DA:6048,14
DA:6049,14
DA:6050,14
DA:6051,14
DA:6052,14
DA:6053,14
DA:6054,14
DA:6055,14
DA:6056,14
DA:6057,14
DA:6058,14
DA:6059,14
DA:6060,14
DA:6061,14
DA:6062,14
DA:6063,14
DA:6064,14
DA:6065,14
DA:6066,14
DA:6067,14
DA:6068,14
DA:6069,14
DA:6070,14
DA:6071,14
DA:6072,14
DA:6073,14
DA:6074,14
DA:6075,14
DA:6076,14
DA:6077,14
DA:6078,14
DA:6079,14
DA:6080,14
DA:6081,14
DA:6082,14
DA:6083,14
DA:6084,14
DA:6085,14
DA:6086,14
DA:6087,14
DA:6088,14
DA:6089,14
DA:6090,14
DA:6091,14
DA:6092,14
DA:6093,14
DA:6094,14
DA:6095,14
DA:6096,14
DA:6097,14
DA:6098,14
DA:6099,14
DA:6100,14
DA:6101,14
DA:6102,14
DA:6103,14
DA:6104,14
DA:6105,14
DA:6106,14
DA:6107,14
DA:6108,14
DA:6109,14
DA:6110,14
DA:6111,14
DA:6112,14
DA:6113,14
DA:6114,14
DA:6115,14
DA:6116,14
DA:6117,14
DA:6118,14
DA:6119,14
DA:6120,14
DA:6121,14
DA:6122,14
DA:6123,14
DA:6124,14
DA:6125,14
DA:6126,14
DA:6127,14
DA:6128,14
DA:6129,14
DA:6130,14
DA:6131,14
DA:6132,14
DA:6133,14
DA:6134,14
DA:6135,14
DA:6136,14
DA:6137,14
DA:6138,14
DA:6139,14
DA:6140,14
DA:6141,14
DA:6142,14
DA:6143,14
DA:6144,14
DA:6145,14
DA:6146,14
DA:6147,14
DA:6148,14
DA:6149,14
DA:6150,14
DA:6151,14
DA:6152,14
DA:6153,14
DA:6154,14
DA:6155,14
DA:6156,14
DA:6157,14
DA:6158,14
DA:6159,14
DA:6160,14
DA:6161,14
DA:6162,14
DA:6163,14
DA:6164,14
DA:6165,14
DA:6166,14
DA:6167,14
DA:6168,14
DA:6169,14
DA:6170,14
DA:6171,14
DA:6172,14
DA:6173,14
DA:6174,14
DA:6175,14
DA:6176,14
DA:6177,14
DA:6178,14
DA:6179,14
DA:6180,14
DA:6181,14
DA:6182,14
DA:6183,14
DA:6184,14
DA:6185,14
DA:6186,14
DA:6187,14
DA:6188,14
DA:6189,14
DA:6190,14
DA:6191,14
DA:6192,14
DA:6193,14
DA:6194,14
DA:6195,14
DA:6196,14
DA:6197,14
DA:6198,14
DA:6199,14
DA:6200,14
DA:6201,14
DA:6202,14
DA:6203,14
DA:6204,14
DA:6205,14
DA:6206,14
DA:6207,14
DA:6208,14
DA:6209,14
DA:6210,14
DA:6211,14
DA:6212,14
DA:6213,14
DA:6214,14
DA:6215,14
DA:6216,14
DA:6217,14
DA:6218,14
DA:6219,14
DA:6220,14
DA:6221,14
DA:6222,14
DA:6223,14
DA:6224,14
DA:6225,14
DA:6226,14
DA:6227,14
DA:6228,14
DA:6229,14
DA:6230,14
DA:6231,14
DA:6232,14
DA:6233,14
DA:6234,14
DA:6235,14
DA:6236,14
DA:6237,14
DA:6238,14
DA:6239,14
DA:6240,14
DA:6241,14
DA:6242,14
DA:6243,14
DA:6244,14
DA:6245,14
DA:6246,14
DA:6247,14
DA:6248,14
DA:6249,14
DA:6250,14
DA:6251,14
DA:6252,14
DA:6253,14
DA:6254,14
DA:6255,14
DA:6256,14
DA:6257,14
DA:6258,14
DA:6259,14
DA:6260,14
DA:6261,14
DA:6262,14
DA:6263,14
DA:6264,14
DA:6265,14
DA:6266,14
DA:6267,14
DA:6268,14
DA:6269,14
DA:6270,14
DA:6271,14
DA:6272,14
DA:6273,14
DA:6274,14
DA:6275,14
DA:6276,14
DA:6277,14
DA:6278,14
DA:6279,14
DA:6280,14
DA:6281,14
DA:6282,14
DA:6283,14
DA:6284,14
DA:6285,14
DA:6286,14
DA:6287,14
DA:6288,14
DA:6289,14
DA:6290,14
DA:6291,14
DA:6292,14
DA:6293,14
DA:6294,14
DA:6295,14
DA:6296,14
DA:6297,14
DA:6298,14
DA:6299,14
DA:6300,14
DA:6301,14
DA:6302,14
DA:6303,14
DA:6304,14
DA:6305,14
DA:6306,14
DA:6307,14
DA:6308,14
DA:6309,14
DA:6310,14
DA:6311,14
DA:6312,14
DA:6313,14
DA:6314,14
DA:6315,14
DA:6316,14
DA:6317,14
DA:6318,14
DA:6319,14
DA:6320,14
DA:6321,14
DA:6322,14
DA:6323,14
DA:6324,14
DA:6325,14
DA:6326,14
DA:6327,14
DA:6328,14
DA:6329,14
DA:6330,14
DA:6331,14
DA:6332,14
DA:6333,14
DA:6334,14
DA:6335,14
DA:6336,14
DA:6337,14
DA:6338,14
DA:6339,14
DA:6340,14
DA:6341,14
DA:6342,14
DA:6343,14
DA:6344,14
DA:6345,14
DA:6346,14
DA:6347,14
DA:6348,14
DA:6349,14
DA:6350,14
DA:6351,14
DA:6352,14
DA:6353,14
DA:6354,14
DA:6355,14
DA:6356,14
DA:6357,14
DA:6358,14
DA:6359,14
DA:6360,14
DA:6361,14
DA:6362,14
DA:6363,14
DA:6364,14
DA:6365,14
DA:6366,14
DA:6367,14
DA:6368,14
DA:6369,14
DA:6370,14
DA:6371,14
DA:6372,14
DA:6373,14
DA:6374,14
DA:6375,14
DA:6376,14
DA:6377,14
DA:6378,14
DA:6379,14
DA:6380,14
DA:6381,14
DA:6382,14
DA:6383,14
DA:6384,14
DA:6385,14
DA:6386,14
DA:6387,14
DA:6388,14
DA:6389,14
DA:6390,14
DA:6391,14
DA:6392,14
DA:6393,14
DA:6394,14
DA:6395,14
DA:6396,14
DA:6397,14
DA:6398,14
DA:6399,14
DA:6400,14
DA:6401,14
DA:6402,14
DA:6403,14
DA:6404,14
DA:6405,14
DA:6406,14
DA:6407,14
DA:6408,14
DA:6409,14
DA:6410,14
DA:6411,14
DA:6412,14
DA:6413,14
DA:6414,14
DA:6415,14
DA:6416,14
DA:6417,14
DA:6418,14
DA:6419,14
DA:6420,14
DA:6421,14
DA:6422,14
DA:6423,14
DA:6424,14
DA:6425,14
DA:6426,14
DA:6427,14
DA:6428,14
DA:6429,14
DA:6430,14
DA:6431,14
DA:6432,14
DA:6433,14
DA:6434,14
DA:6435,14
DA:6436,14
DA:6437,14
DA:6438,14
DA:6439,14
DA:6440,14
DA:6441,14
DA:6442,14
DA:6443,14
DA:6444,14
DA:6445,14
DA:6446,14
DA:6447,14
DA:6448,14
DA:6449,14
DA:6450,14
DA:6451,14
DA:6452,14
DA:6453,14
DA:6454,14
DA:6455,14
DA:6456,14
DA:6457,14
DA:6458,14
DA:6459,14
DA:6460,14
DA:6461,14
DA:6462,14
DA:6463,14
DA:6464,14
DA:6465,14
DA:6466,14
DA:6467,14
DA:6468,14
DA:6469,14
DA:6470,14
DA:6471,14
DA:6472,14
DA:6473,14
DA:6474,14
DA:6475,14
DA:6476,14
DA:6477,14
DA:6478,14
DA:6479,14
DA:6480,14
DA:6481,14
DA:6482,14
DA:6483,14
DA:6484,14
DA:6485,14
DA:6486,14
DA:6487,14
DA:6488,14
DA:6489,14
DA:6490,14
DA:6491,14
DA:6492,14
DA:6493,14
DA:6494,14
DA:6495,14
DA:6496,14
DA:6497,14
DA:6498,14
DA:6499,14
DA:6500,14
DA:6501,14
DA:6502,14
DA:6503,14
DA:6504,14
DA:6505,14
DA:6506,14
DA:6507,14
DA:6508,14
DA:6509,14
DA:6510,14
DA:6511,14
DA:6512,14
DA:6513,14
DA:6514,14
DA:6515,14
DA:6516,14
DA:6517,14
DA:6518,14
DA:6519,14
DA:6520,14
DA:6521,14
DA:6522,14
DA:6523,14
DA:6524,14
DA:6525,14
DA:6526,14
DA:6527,14
DA:6528,14
DA:6529,14
DA:6530,14
DA:6531,14
DA:6532,14
DA:6533,14
DA:6534,14
DA:6535,14
DA:6536,14
DA:6537,14
DA:6538,14
DA:6539,14
DA:6540,14
[...]
DA:74659,14
DA:74660,14
DA:74661,14
DA:74662,14
DA:74663,14
DA:74664,14
DA:74665,14
DA:74666,14
DA:74667,14
DA:74668,14
DA:74669,14
DA:74670,14
DA:74671,14
DA:74672,14
DA:74673,14
DA:74674,14
DA:74675,14
DA:74676,14
DA:74677,14
DA:74678,14
DA:74679,14
DA:74680,14
DA:74681,14
DA:74682,14
DA:74683,14
DA:74684,14
DA:74685,14
DA:74686,14
DA:74687,14
DA:74688,14
DA:74689,14
DA:74690,14
DA:74691,14
DA:74692,14
DA:74693,14
DA:74694,14
DA:74695,14
DA:74696,14
DA:74697,14
DA:74698,14
DA:74699,14
DA:74700,14
DA:74701,14
DA:74702,14
DA:74703,14
DA:74704,14
DA:74705,14
DA:74706,14
DA:74707,14
DA:74708,14
DA:74709,14
DA:74710,14
DA:74711,14
DA:74712,14
DA:74713,14
DA:74714,14
DA:74715,14
DA:74716,14
DA:74717,14
DA:74718,14
DA:74719,14
DA:74720,14
DA:74721,14
DA:74722,14
DA:74723,14
DA:74724,14
DA:74725,14
DA:74726,14
DA:74727,14
DA:74728,14
DA:74729,14
DA:74730,14
DA:74731,14
DA:74732,14
DA:74733,14
DA:74734,14
DA:74735,14
DA:74736,14
DA:74737,14
DA:74738,14
DA:74739,14
DA:74740,14
DA:74741,14
DA:74742,14
DA:74743,14
DA:74744,14
DA:74745,14
DA:74746,14
DA:74747,14
DA:74748,14
DA:74749,14
DA:74750,14
DA:74751,14
DA:74752,14
DA:74753,14
DA:74754,14
DA:74755,14
DA:74756,14
DA:74757,14
DA:74758,14
DA:74759,14
DA:74760,14
DA:74761,14
DA:74762,14
DA:74763,14
DA:74764,14
DA:74765,14
DA:74766,14
DA:74767,14
DA:74768,14
DA:74769,14
DA:74770,14
DA:74771,14
DA:74772,14
DA:74773,14
DA:74774,14
DA:74775,14
DA:74776,14
DA:74777,14
DA:74778,14
DA:74779,14
DA:74780,14
DA:74781,14
DA:74782,14
DA:74783,14
DA:74784,14
DA:74785,14
DA:74786,14
DA:74787,14
DA:74788,14
DA:74789,14
DA:74790,14
DA:74791,14
DA:74792,14
DA:74793,14
DA:74794,14
DA:74795,14
DA:74796,14
DA:74797,14
DA:74798,14
DA:74799,14
DA:74800,14
DA:74801,14
DA:74802,14
DA:74803,14
DA:74804,14
DA:74805,14
DA:74806,14
DA:74807,14
DA:74808,14
DA:74809,14
DA:74810,14
DA:74811,14
DA:74812,14
DA:74813,14
DA:74814,14
DA:74815,14
DA:74816,14
DA:74817,14
DA:74818,14
DA:74819,14
DA:74820,14
DA:74821,14
DA:74822,14
DA:74823,14
DA:74824,14
DA:74825,14
DA:74826,14
DA:74827,14
DA:74828,14
DA:74829,14
DA:74830,14
DA:74831,14
DA:74832,14
DA:74833,14
DA:74834,14
DA:74835,14
DA:74836,14
DA:74837,14
DA:74838,14
DA:74839,14
DA:74840,14
DA:74841,14
DA:74842,14
DA:74843,14
DA:74844,14
DA:74845,14
DA:74846,14
DA:74847,14
DA:74848,14
DA:74849,14
DA:74850,14
DA:74851,14
DA:74852,14
DA:74853,14
DA:74854,14
DA:74855,14
DA:74856,14
DA:74857,14
DA:74858,14
DA:74859,14
DA:74860,14
DA:74861,14
DA:74862,14
DA:74863,14
DA:74864,14
DA:74865,14
DA:74866,14
DA:74867,14
DA:74868,14
DA:74869,14
DA:74870,14
DA:74871,14
DA:74872,14
DA:74873,14
DA:74874,14
DA:74875,14
DA:74876,14
DA:74877,14
DA:74878,14
DA:74879,14
DA:74880,14
DA:74881,14
DA:74882,14
DA:74883,14
DA:74884,14
DA:74885,14
DA:74886,14
DA:74887,14
DA:74888,14
DA:74889,14
DA:74890,14
DA:74891,14
DA:74892,14
DA:74893,14
DA:74894,14
DA:74895,14
DA:74896,14
DA:74897,14
DA:74898,14
DA:74899,14
DA:74900,14
DA:74901,14
DA:74902,14
DA:74903,14
DA:74904,14
DA:74905,14
DA:74906,14
DA:74907,14
DA:74908,14
DA:74909,14
DA:74910,14
DA:74911,14
DA:74912,14
DA:74913,14
DA:74914,14
DA:74915,14
DA:74916,14
DA:74917,14
DA:74918,14
DA:74919,14
DA:74920,14
DA:74921,14
DA:74922,14
DA:74923,14
DA:74924,14
DA:74925,14
DA:74926,14
DA:74927,14
DA:74928,14
DA:74929,14
DA:74930,14
DA:74931,14
DA:74932,14
DA:74933,14
DA:74934,14
DA:74935,14
DA:74936,14
DA:74937,14
DA:74938,14
DA:74939,14
DA:74940,14
DA:74941,14
DA:74942,14
DA:74943,14
DA:74944,14
DA:74945,14
DA:74946,14
DA:74947,14
DA:74948,14
DA:74949,14
DA:74950,14
DA:74951,14
DA:74952,14
DA:74953,14
DA:74954,14
DA:74955,14
DA:74956,14
DA:74957,14
DA:74958,14
DA:74959,14
DA:74960,14
DA:74961,14
DA:74962,14
DA:74963,14
DA:74964,14
DA:74965,14
DA:74966,14
DA:74967,14
DA:74968,14
DA:74969,14
DA:74970,14
DA:74971,14
DA:74972,14
DA:74973,14
DA:74974,14
DA:74975,14
DA:74976,14
DA:74977,14
DA:74978,14
DA:74979,14
DA:74980,14
DA:74981,14
DA:74982,14
DA:74983,14
DA:74984,14
DA:74985,14
DA:74986,14
DA:74987,14
DA:74988,14
DA:74989,14
DA:74990,14
DA:74991,14
DA:74992,14
DA:74993,14
DA:74994,14
DA:74995,14
DA:74996,14
DA:74997,14
DA:74998,14
DA:74999,14
DA:75000,14
DA:75001,14
DA:75002,14
DA:75003,14
DA:75004,14
DA:75005,14
DA:75006,14
DA:75007,14
DA:75008,14
DA:75009,14
DA:75010,14
DA:75011,14
DA:75012,14
DA:75013,14
DA:75014,14
DA:75015,14
DA:75016,14
DA:75017,14
DA:75018,14
DA:75019,14
DA:75020,14
DA:75021,14
DA:75022,14
DA:75023,14
DA:75024,14
DA:75025,14
DA:75026,14
DA:75027,14
DA:75028,14
DA:75029,14
DA:75030,14
DA:75031,14
DA:75032,14
DA:75033,14
DA:75034,14
DA:75035,14
DA:75036,14
DA:75037,14
DA:75038,14
DA:75039,14
DA:75040,14
DA:75041,14
DA:75042,14
DA:75043,14
DA:75044,14
DA:75045,14
DA:75046,14
DA:75047,14
DA:75048,14
DA:75049,14
DA:75050,14
DA:75051,14
DA:75052,14
DA:75053,14
DA:75054,14
DA:75055,14
DA:75056,14
DA:75057,14
DA:75058,14
DA:75059,14
DA:75060,14
DA:75061,14
DA:75062,14
DA:75063,14
DA:75064,14
DA:75065,14
DA:75066,14
DA:75067,14
DA:75068,14
DA:75069,14
DA:75070,14
DA:75071,14
DA:75072,14
DA:75073,14
DA:75074,14
DA:75075,14
DA:75076,14
DA:75077,14
DA:75078,14
DA:75079,14
DA:75080,14
DA:75081,14
DA:75082,14
DA:75083,14
DA:75084,14
DA:75085,14
DA:75086,14
DA:75087,14
DA:75088,14
DA:75089,14
DA:75090,14
DA:75091,14
DA:75092,14
DA:75093,14
DA:75094,14
DA:75095,14
DA:75096,14
DA:75097,14
DA:75098,14
DA:75099,14
DA:75100,14
DA:75101,14
DA:75102,14
DA:75103,14
DA:75104,14
DA:75105,14
DA:75106,14
DA:75107,14
DA:75108,14
DA:75109,14
DA:75110,14
DA:75111,14
DA:75112,14
DA:75113,14
DA:75114,14
DA:75115,14
DA:75116,14
DA:75117,14
DA:75118,14
DA:75119,14
DA:75120,14
DA:75121,14
DA:75122,14
DA:75123,14
DA:75124,14
DA:75125,14
DA:75126,14
DA:75127,14
DA:75128,14
DA:75129,14
DA:75130,14
DA:75131,14
DA:75132,14
DA:75133,14
DA:75134,14
DA:75135,14
DA:75136,14
DA:75137,14
DA:75138,14
DA:75139,14
DA:75140,14
DA:75141,14
DA:75142,14
DA:75143,14
DA:75144,14
DA:75145,14
DA:75146,14
DA:75147,14
DA:75148,14
DA:75149,14
DA:75150,14
DA:75151,14
DA:75152,14
DA:75153,14
DA:75154,14
DA:75155,14
DA:75156,14
DA:75157,14
DA:75158,14
DA:75159,14
DA:75160,14
DA:75161,14
DA:75162,14
DA:75163,14
DA:75164,14
DA:75165,14
DA:75166,14
DA:75167,14
DA:75168,14
DA:75169,14
DA:75170,14
DA:75171,14
DA:75172,14
DA:75173,14
DA:75174,14
DA:75175,14
DA:75176,14
DA:75177,14
DA:75178,14
DA:75179,14
DA:75180,14
DA:75181,14
DA:75182,14
DA:75183,14
DA:75184,14
DA:75185,14
DA:75186,14
DA:75187,14
DA:75188,14
DA:75189,14
DA:75190,14
DA:75191,14
DA:75192,14
DA:75193,14
DA:75194,14
DA:75195,14
DA:75196,14
DA:75197,14
DA:75198,14
DA:75199,14
DA:75200,14
DA:75201,14
DA:75202,14
DA:75203,14
DA:75204,14
DA:75205,14
DA:75206,14
DA:75207,14
DA:75208,14
DA:75209,14
DA:75210,14
DA:75211,14
DA:75212,14
DA:75213,14
DA:75214,14
DA:75215,14
DA:75216,14
DA:75217,14
DA:75218,14
DA:75219,14
DA:75220,14
DA:75221,14
DA:75222,14
DA:75223,14
DA:75224,14
DA:75225,14
DA:75226,14
DA:75227,14
DA:75228,14
DA:75229,14
DA:75230,14
DA:75231,14
DA:75232,14
DA:75233,14
DA:75234,14
DA:75235,14
DA:75236,14
DA:75237,14
DA:75238,14
DA:75239,14
DA:75240,14
DA:75241,14
DA:75242,14
DA:75243,14
DA:75244,14
DA:75245,14
DA:75246,14
DA:75247,14
DA:75248,14
DA:75249,14
DA:75250,14
DA:75251,14
DA:75252,14
DA:75253,14
DA:75254,14
DA:75255,14
DA:75256,14
DA:75257,14
DA:75258,14
DA:75259,14
DA:75260,14
DA:75261,14
DA:75262,14
DA:75263,14
DA:75264,14
DA:75265,14
DA:75266,14
DA:75267,14
DA:75268,14
DA:75269,14
DA:75270,14
DA:75271,14
DA:75272,14
DA:75273,14
DA:75274,14
DA:75275,14
DA:75276,14
DA:75277,14
DA:75278,14
DA:75279,14
DA:75280,14
DA:75281,14
DA:75282,14
DA:75283,14
DA:75284,14
DA:75285,14
DA:75286,14
DA:75287,14
DA:75288,14
DA:75289,14
DA:75290,14
DA:75291,14
DA:75292,14
DA:75293,14
DA:75294,14
DA:75295,14
DA:75296,14
DA:75297,14
DA:75298,14
DA:75299,14
DA:75300,14
DA:75301,14
DA:75302,14
DA:75303,14
DA:75304,14
DA:75305,14
DA:75306,14
DA:75307,14
DA:75308,14
DA:75309,14
DA:75310,14
DA:75311,14
DA:75312,14
DA:75313,14
DA:75314,14
DA:75315,14
DA:75316,14
DA:75317,14
DA:75318,14
DA:75319,14
DA:75320,14
DA:75321,14
DA:75322,14
DA:75323,14
DA:75324,14
DA:75325,14
DA:75326,14
DA:75327,14
DA:75328,14
DA:75329,14
DA:75330,14
DA:75331,14
DA:75332,14
DA:75333,14
DA:75334,14
DA:75335,14
DA:75336,14
DA:75337,14
DA:75338,14
DA:75339,14
DA:75340,14
DA:75341,14
DA:75342,14
DA:75343,14
DA:75344,14
DA:75345,14
DA:75346,14
DA:75347,14
DA:75348,14
DA:75349,14
DA:75350,14
DA:75351,14
DA:75352,14
DA:75353,14
DA:75354,14
DA:75355,14
DA:75356,14
DA:75357,14
DA:75358,14
DA:75359,14
DA:75360,14
DA:75361,14
DA:75362,14
DA:75363,14
DA:75364,14
DA:75365,14
DA:75366,14
DA:75367,14
DA:75368,14
DA:75369,14
DA:75370,14
DA:75371,14
DA:75372,14
DA:75373,14
DA:75374,14
DA:75375,14
DA:75376,14
DA:75377,14
DA:75378,14
DA:75379,14
DA:75380,14
DA:75381,14
DA:75382,14
DA:75383,14
DA:75384,14
DA:75385,14
DA:75386,14
DA:75387,14
DA:75388,14
DA:75389,14
DA:75390,14
DA:75391,14
DA:75392,14
DA:75393,14
DA:75394,14
DA:75395,14
DA:75396,14
DA:75397,14
DA:75398,14
DA:75399,14
DA:75400,14
DA:75401,14
DA:75402,14
DA:75403,14
DA:75404,14
DA:75405,14
DA:75406,14
DA:75407,14
DA:75408,14
DA:75409,14
DA:75410,14
DA:75411,14
DA:75412,14
DA:75413,14
DA:75414,14
DA:75415,14
DA:75416,14
DA:75417,14
DA:75418,14
DA:75419,14
DA:75420,14
DA:75421,14
DA:75422,14
DA:75423,14
DA:75424,14
DA:75425,14
DA:75426,14
DA:75427,14
DA:75428,14
DA:75429,14
DA:75430,14
DA:75431,14
DA:75432,14
DA:75433,14
DA:75434,14
DA:75435,14
DA:75436,14
DA:75437,14
DA:75438,14
DA:75439,14
DA:75440,14
DA:75441,14
DA:75442,14
DA:75443,14
DA:75444,14
DA:75445,14
DA:75446,14
DA:75447,14
DA:75448,14
DA:75449,14
DA:75450,14
DA:75451,14
DA:75452,14
DA:75453,14
DA:75454,14
DA:75455,14
DA:75456,14
DA:75457,14
DA:75458,14
DA:75459,14
DA:75460,14
DA:75461,14
DA:75462,14
DA:75463,14
DA:75464,14
DA:75465,14
DA:75466,14
DA:75467,14
DA:75468,14
DA:75469,14
DA:75470,14
DA:75471,14
DA:75472,14
DA:75473,14
DA:75474,14
DA:75475,14
DA:75476,14
DA:75477,14
DA:75478,14
DA:75479,14
DA:75480,14
DA:75481,14
DA:75482,14
DA:75483,14
DA:75484,14
DA:75485,14
DA:75486,14
DA:75487,14
DA:75488,14
DA:75489,14
DA:75490,14
DA:75491,14
DA:75492,14
DA:75493,14
DA:75494,14
DA:75495,14
DA:75496,14
DA:75497,14
DA:75498,14
DA:75499,14
DA:75500,14
DA:75501,14
DA:75502,14
DA:75503,14
DA:75504,14
DA:75505,14
DA:75506,14
DA:75507,14
DA:75508,14
DA:75509,14
DA:75510,14
DA:75511,14
DA:75512,14
DA:75513,14
DA:75514,14
DA:75515,14
DA:75516,14
DA:75517,14
DA:75518,14
DA:75519,14
DA:75520,14
DA:75521,14
DA:75522,14
DA:75523,14
DA:75524,14
DA:75525,14
DA:75526,14
DA:75527,14
DA:75528,14
DA:75529,14
DA:75530,14
DA:75531,14
DA:75532,14
DA:75533,14
DA:75534,14
DA:75535,14
DA:75536,14
DA:75537,14
DA:75538,14
DA:75539,14
DA:75540,14
DA:75541,14
DA:75542,14
DA:75543,14
DA:75544,14
DA:75545,14
DA:75546,14
DA:75547,14
DA:75548,14
DA:75549,14
DA:75550,14
DA:75551,14
DA:75552,14
DA:75553,14
DA:75554,14
DA:75555,14
DA:75556,14
DA:75557,14
DA:75558,14
DA:75559,14
DA:75560,14
DA:75561,14
DA:75562,14
DA:75563,14
DA:75564,14
DA:75565,14
DA:75566,14
DA:75567,14
DA:75568,14
DA:75569,14
DA:75570,14
DA:75571,14
DA:75572,14
DA:75573,14
DA:75574,14
DA:75575,14
DA:75576,14
DA:75577,14
DA:75578,14
DA:75579,14
DA:75580,14
DA:75581,14
DA:75582,14
DA:75583,14
DA:75584,14
DA:75585,14
DA:75586,14
DA:75587,14
DA:75588,14
DA:75589,14
DA:75590,14
DA:75591,14
DA:75592,14
DA:75593,14
DA:75594,14
DA:75595,14
DA:75596,14
DA:75597,14
DA:75598,14
DA:75599,14
DA:75600,14
DA:75601,14
DA:75602,14
DA:75603,14
DA:75604,14
DA:75605,14
DA:75606,14
DA:75607,14
DA:75608,14
DA:75609,14
DA:75610,14
DA:75611,14
DA:75612,14
DA:75613,14
DA:75614,14
DA:75615,14
DA:75616,14
DA:75617,14
DA:75618,14
DA:75619,14
DA:75620,14
DA:75621,14
DA:75622,14
DA:75623,14
DA:75624,14
DA:75625,14
DA:75626,14
DA:75627,14
DA:75628,14
DA:75629,14
DA:75630,14
DA:75631,14
DA:75632,14
DA:75633,14
DA:75634,14
DA:75635,14
DA:75636,14
DA:75637,14
DA:75638,14
DA:75639,14
DA:75640,14
DA:75641,14
DA:75642,14
DA:75643,14
DA:75644,14
DA:75645,14
DA:75646,14
DA:75647,14
DA:75648,14
DA:75649,14
DA:75650,14
DA:75651,14
DA:75652,14
DA:75653,14
DA:75654,14
DA:75655,14
DA:75656,14
DA:75657,14
DA:75658,14
DA:75659,14
DA:75660,14
DA:75661,14
DA:75662,14
DA:75663,14
DA:75664,14
DA:75665,14
DA:75666,14
DA:75667,14
DA:75668,14
DA:75669,14
DA:75670,14
DA:75671,14
DA:75672,14
DA:75673,14
DA:75674,14
DA:75675,14
DA:75676,14
DA:75677,14
DA:75678,14
DA:75679,14
DA:75680,14
DA:75681,14
DA:75682,14
DA:75683,14
DA:75684,14
DA:75685,14
DA:75686,14
DA:75687,14
DA:75688,14
DA:75689,14
DA:75690,14
DA:75691,14
DA:75692,14
DA:75693,14
DA:75694,14
DA:75695,14
DA:75696,14
DA:75697,14
DA:75698,14
DA:75699,14
DA:75700,14
DA:75701,14
DA:75702,14
DA:75703,14
DA:75704,14
DA:75705,14
DA:75706,14
DA:75707,14
DA:75708,14
DA:75709,14
DA:75710,14
DA:75711,14
DA:75712,14
DA:75713,14
DA:75714,14
DA:75715,14
DA:75716,14
DA:75717,14
DA:75718,14
DA:75719,14
DA:75720,14
DA:75721,14
DA:75722,14
DA:75723,14
DA:75724,14
DA:75725,14
DA:75726,14
DA:75727,14
DA:75728,14
DA:75729,14
DA:75730,14
DA:75731,14
DA:75732,14
DA:75733,14
DA:75734,14
DA:75735,14
DA:75736,14
DA:75737,14
DA:75738,14
DA:75739,14
DA:75740,14
DA:75741,14
DA:75742,14
DA:75743,14
DA:75744,14
DA:75745,14
DA:75746,14
DA:75747,14
DA:75748,14
DA:75749,14
DA:75750,14
DA:75751,14
DA:75752,14
DA:75753,14
DA:75754,14
DA:75755,14
DA:75756,14
DA:75757,14
DA:75758,14
DA:75759,14
DA:75760,14
DA:75761,14
DA:75762,14
DA:75763,14
DA:75764,14
DA:75765,14
DA:75766,14
DA:75767,14
DA:75768,14
DA:75769,14
DA:75770,14
DA:75771,14
DA:75772,14
DA:75773,14
DA:75774,14
DA:75775,14
DA:75776,14
DA:75777,14
DA:75778,14
DA:75779,14
DA:75780,14
DA:75781,14
DA:75782,14
DA:75783,14
DA:75784,14
DA:75785,14
DA:75786,14
DA:75787,14
DA:75788,14
DA:75789,14
DA:75790,14
DA:75791,14
DA:75792,14
DA:75793,14
DA:75794,14
DA:75795,14
DA:75796,14
DA:75797,14
DA:75798,14
DA:75799,14
DA:75800,14
DA:75801,14
DA:75802,14
DA:75803,14
DA:75804,14
DA:75805,14
DA:75806,14
DA:75807,14
DA:75808,14
DA:75809,14
DA:75810,14
DA:75811,14
DA:75812,14
DA:75813,14
DA:75814,14
DA:75815,14
DA:75816,14
DA:75817,14
DA:75818,14
DA:75819,14
DA:75820,14
DA:75821,14
DA:75822,14
DA:75823,14
DA:75824,14
DA:75825,14
DA:75826,14
DA:75827,14
DA:75828,14
DA:75829,14
DA:75830,14
DA:75831,14
DA:75832,14
DA:75833,14
DA:75834,14
DA:75835,14
DA:75836,14
DA:75837,14
DA:75838,14
DA:75839,14
DA:75840,14
DA:75841,14
DA:75842,14
DA:75843,14
DA:75844,14
DA:75845,14
DA:75846,14
DA:75847,14
DA:75848,14
DA:75849,14
DA:75850,14
DA:75851,14
DA:75852,14
DA:75853,14
DA:75854,14
DA:75855,14
DA:75856,14
DA:75857,14
DA:75858,14
DA:75859,14
DA:75860,14
DA:75861,14
DA:75862,14
DA:75863,14
DA:75864,14
DA:75865,14
DA:75866,14
DA:75867,14
DA:75868,14
DA:75869,14
DA:75870,14
DA:75871,14
DA:75872,14
DA:75873,14
DA:75874,14
DA:75875,14
DA:75876,14
DA:75877,14
DA:75878,14
DA:75879,14
DA:75880,14
DA:75881,14
DA:75882,14
DA:75883,14
DA:75884,14
DA:75885,14
DA:75886,14
DA:75887,14
DA:75888,14
DA:75889,14
DA:75890,14
DA:75891,14
DA:75892,14
DA:75893,14
DA:75894,14
DA:75895,14
DA:75896,14
DA:75897,14
DA:75898,14
DA:75899,14
DA:75900,14
DA:75901,14
DA:75902,14
DA:75903,14
DA:75904,14
DA:75905,14
DA:75906,14
DA:75907,14
DA:75908,14
DA:75909,14
DA:75910,14
DA:75911,14
DA:75912,14
DA:75913,14
DA:75914,14
DA:75915,14
DA:75916,14
DA:75917,14
DA:75918,14
DA:75919,14
DA:75920,14
DA:75921,14
DA:75922,14
DA:75923,14
DA:75924,14
DA:75925,14
DA:75926,14
DA:75927,14
DA:75928,14
DA:75929,14
DA:75930,14
DA:75931,14
DA:75932,14
DA:75933,14
DA:75934,14
DA:75935,14
DA:75936,14
DA:75937,14
DA:75938,14
DA:75939,14
DA:75940,14
DA:75941,14
DA:75942,14
DA:75943,14
DA:75944,14
DA:75945,14
DA:75946,14
DA:75947,14
DA:75948,14
DA:75949,14
DA:75950,14
DA:75951,14
DA:75952,14
DA:75953,14
DA:75954,14
DA:75955,14
DA:75956,14
DA:75957,14
DA:75958,14
DA:75959,14
DA:75960,14
DA:75961,14
DA:75962,14
DA:75963,14
DA:75964,14
DA:75965,14
DA:75966,14
DA:75967,14
DA:75968,14
DA:75969,14
DA:75970,14
DA:75971,14
DA:75972,14
DA:75973,14
DA:75974,14
DA:75975,14
DA:75976,14
DA:75977,14
DA:75978,14
DA:75979,14
DA:75980,14
DA:75981,14
DA:75982,14
DA:75983,14
DA:75984,14
DA:75985,14
DA:75986,14
DA:75987,14
DA:75988,14
DA:75989,14
DA:75990,14
DA:75991,14
DA:75992,14
DA:75993,14
DA:75994,14
DA:75995,14
DA:75996,14
DA:75997,14
DA:75998,14
DA:75999,14
DA:76000,14
DA:76001,14
DA:76002,14
DA:76003,14
DA:76004,14
DA:76005,14
DA:76006,14
DA:76007,14
DA:76008,14
DA:76009,14
DA:76010,14
DA:76011,14
DA:76012,14
DA:76013,14
DA:76014,14
DA:76015,14
DA:76016,14
DA:76017,14
DA:76018,14
DA:76019,14
DA:76020,14
DA:76021,14
DA:76022,14
DA:76023,14
DA:76024,14
DA:76025,14
DA:76026,14
DA:76027,14
DA:76028,14
DA:76029,14
DA:76030,14
DA:76031,14
DA:76032,14
DA:76033,14
DA:76034,14
DA:76035,14
DA:76036,14
DA:76037,14
DA:76038,14
DA:76039,14
DA:76040,14
DA:76041,14
DA:76042,14
DA:76043,14
DA:76044,14
DA:76045,14
DA:76046,14
DA:76047,14
DA:76048,14
DA:76049,14
DA:76050,14
DA:76051,14
DA:76052,14
DA:76053,14
DA:76054,14
DA:76055,14
DA:76056,14
DA:76057,14
DA:76058,14
DA:76059,14
DA:76060,14
DA:76061,14
DA:76062,14
DA:76063,14
DA:76064,14
DA:76065,14
DA:76066,14
DA:76067,14
DA:76068,14
DA:76069,14
DA:76070,14
DA:76071,14
DA:76072,14
DA:76073,14
DA:76074,14
DA:76075,14
DA:76076,14
DA:76077,14
DA:76078,14
DA:76079,14
DA:76080,14
DA:76081,14
DA:76082,14
DA:76083,14
DA:76084,14
DA:76085,14
DA:76086,14
DA:76087,14
DA:76088,14
DA:76089,14
DA:76090,14
DA:76091,14
DA:76092,14
DA:76093,14
DA:76094,14
DA:76095,14
DA:76096,14
DA:76097,14
DA:76098,14
DA:76099,14
DA:76100,14
DA:76101,14
DA:76102,14
DA:76103,14
DA:76104,14
DA:76105,14
DA:76106,14
DA:76107,14
DA:76108,14
DA:76109,14
DA:76110,14
DA:76111,14
DA:76112,14
DA:76113,14
DA:76114,14
DA:76115,14
DA:76116,14
DA:76117,14
DA:76118,14
DA:76119,14
DA:76120,14
DA:76121,14
DA:76122,14
DA:76123,14
DA:76124,14
DA:76125,14
DA:76126,14
DA:76127,14
DA:76128,14
DA:76129,14
DA:76130,14
DA:76131,14
DA:76132,14
DA:76133,14
DA:76134,14
DA:76135,14
DA:76136,14
DA:76137,14
DA:76138,14
DA:76139,14
DA:76140,14
DA:76141,14
DA:76142,14
DA:76143,14
DA:76144,14
DA:76145,14
DA:76146,14
DA:76147,14
DA:76148,14
DA:76149,14
DA:76150,14
DA:76151,14
DA:76152,14
DA:76153,14
DA:76154,14
DA:76155,14
DA:76156,14
DA:76157,14
DA:76158,14
DA:76159,14
DA:76160,14
DA:76161,14
DA:76162,14
DA:76163,14
DA:76164,14
DA:76165,14
DA:76166,14
DA:76167,14
DA:76168,14
DA:76169,14
DA:76170,14
DA:76171,14
DA:76172,14
DA:76173,14
DA:76174,14
DA:76175,14
DA:76176,14
DA:76177,14
DA:76178,14
DA:76179,14
DA:76180,14
DA:76181,14
DA:76182,14
DA:76183,14
DA:76184,14
DA:76185,14
DA:76186,14
DA:76187,14
DA:76188,14
DA:76189,14
DA:76190,14
DA:76191,14
DA:76192,14
DA:76193,14
DA:76194,14
DA:76195,14
DA:76196,14
DA:76197,14
DA:76198,14
DA:76199,14
DA:76200,14
DA:76201,14
DA:76202,14
DA:76203,14
DA:76204,14
DA:76205,14
DA:76206,14
DA:76207,14
DA:76208,14
DA:76209,14
DA:76210,14
DA:76211,14
DA:76212,14
DA:76213,14
DA:76214,14
DA:76215,14
DA:76216,14
DA:76217,14
DA:76218,14
DA:76219,14
DA:76220,14
DA:76221,14
DA:76222,14
DA:76223,14
DA:76224,14
DA:76225,14
DA:76226,14
DA:76227,14
DA:76228,14
DA:76229,14
DA:76230,14
DA:76231,14
DA:76232,14
DA:76233,14
DA:76234,14
DA:76235,14
DA:76236,14
DA:76237,14
DA:76238,14
DA:76239,14
DA:76240,14
DA:76241,14
DA:76242,14
DA:76243,14
DA:76244,14
DA:76245,14
DA:76246,14
DA:76247,14
DA:76248,14
DA:76249,14
DA:76250,14
DA:76251,14
DA:76252,14
DA:76253,14
DA:76254,14
DA:76255,14
DA:76256,14
DA:76257,14
DA:76258,14
DA:76259,14
DA:76260,14
DA:76261,14
DA:76262,14
DA:76263,14
DA:76264,14
DA:76265,14
DA:76266,14
DA:76267,14
DA:76268,14
DA:76269,14
DA:76270,14
DA:76271,14
DA:76272,14
DA:76273,14
DA:76274,14
DA:76275,14
DA:76276,14
DA:76277,14
DA:76278,14
DA:76279,14
DA:76280,14
DA:76281,14
DA:76282,14
DA:76283,14
DA:76284,14
DA:76285,14
DA:76286,14
DA:76287,14
DA:76288,14
DA:76289,14
DA:76290,14
DA:76291,14
DA:76292,14
DA:76293,14
DA:76294,14
DA:76295,14
DA:76296,14
DA:76297,14
DA:76298,14
DA:76299,14
DA:76300,14
DA:76301,14
DA:76302,14
DA:76303,14
DA:76304,14
DA:76305,14
DA:76306,14
DA:76307,14
DA:76308,14
DA:76309,14
DA:76310,14
DA:76311,14
DA:76312,14
DA:76313,14
DA:76314,14
DA:76315,14
DA:76316,14
DA:76317,14
DA:76318,14
DA:76319,14
DA:76320,14
LF:76314
LH:76314
BRF:0
BRH:0
FNF:1
FNH:1
end_of_record